#
# There is insufficient memory for the Java Runtime Environment to continue.
# Native memory allocation (mmap) failed to map 83886080 bytes for committing reserved memory.
# Possible reasons:
#   The system is out of physical RAM or swap space
#   In 32 bit mode, the process size limit was hit
# Possible solutions:
#   Reduce memory load on the system
#   Increase physical memory or swap space
#   Check if swap backing store is full
#   Use 64 bit Java on a 64 bit OS
#   Decrease Java heap size (-Xmx/-Xms)
#   Decrease number of Java threads
#   Decrease Java thread stack sizes (-Xss)
#   Set larger code cache with -XX:ReservedCodeCacheSize=
# This output file may be truncated or incomplete.
#
#  Out of Memory Error (os_linux.cpp:2627), pid=15891, tid=0x00007f8f2228f700
#
# JRE version: OpenJDK Runtime Environment (8.0_112-b06) (build 1.8.0_112-release-b06)
# Java VM: OpenJDK 64-Bit Server VM (25.112-b06 mixed mode linux-amd64 compressed oops)
# Failed to write core dump. Core dumps have been disabled. To enable core dumping, try "ulimit -c unlimited" before starting Java again
#

---------------  T H R E A D  ---------------

Current thread (0x00007f8f34077800):  VMThread [stack: 0x00007f8f2218f000,0x00007f8f22290000] [id=15901]

Stack: [0x00007f8f2218f000,0x00007f8f22290000],  sp=0x00007f8f2228e4c0,  free space=1021k
Native frames: (J=compiled Java code, j=interpreted, Vv=VM code, C=native code)
V  [libjvm.so+0x9e465d]  VMError::report_and_die()+0x15d
V  [libjvm.so+0x4b6ada]  report_vm_out_of_memory(char const*, int, unsigned long, VMErrorType, char const*)+0x8a
V  [libjvm.so+0x84c860]  os::pd_commit_memory(char*, unsigned long, unsigned long, bool)+0xf0
V  [libjvm.so+0x84737f]  os::commit_memory(char*, unsigned long, unsigned long, bool)+0x1f
V  [libjvm.so+0x8bd3db]  PSVirtualSpace::expand_by(unsigned long)+0x5b
V  [libjvm.so+0x8be050]  PSYoungGen::resize_generation(unsigned long, unsigned long)+0xb0
V  [libjvm.so+0x8be36b]  PSYoungGen::resize(unsigned long, unsigned long)+0x1b
V  [libjvm.so+0x8baa5c]  PSScavenge::invoke_no_policy()+0xdac
V  [libjvm.so+0x8bb238]  PSScavenge::invoke()+0x38
V  [libjvm.so+0x86fcf3]  ParallelScavengeHeap::failed_mem_allocate(unsigned long)+0x63
V  [libjvm.so+0x9e6124]  VM_ParallelGCFailedAllocation::doit()+0x84
V  [libjvm.so+0x9ea537]  VM_Operation::evaluate()+0x47
V  [libjvm.so+0x9e8ff8]  VMThread::evaluate_operation(VM_Operation*)+0x2c8
V  [libjvm.so+0x9e9479]  VMThread::loop()+0x219
V  [libjvm.so+0x9e98c2]  VMThread::run()+0x72
V  [libjvm.so+0x849c82]  java_start(Thread*)+0xf2

VM_Operation (0x00007f8f21153ba0): ParallelGCFailedAllocation, mode: safepoint, requested by thread 0x00007f8f34146000


---------------  P R O C E S S  ---------------

Java Threads: ( => current thread )
  0x00007f8f34146000 JavaThread "pool-1-thread-4" [_thread_blocked, id=15934, stack(0x00007f8f21055000,0x00007f8f21156000)]
  0x00007f8f34144800 JavaThread "pool-1-thread-3" [_thread_blocked, id=15933, stack(0x00007f8f21156000,0x00007f8f21257000)]
  0x00007f8f34143800 JavaThread "pool-1-thread-2" [_thread_blocked, id=15932, stack(0x00007f8f21257000,0x00007f8f21358000)]
  0x00007f8f3413e800 JavaThread "pool-2-thread-1" [_thread_blocked, id=15931, stack(0x00007f8f21358000,0x00007f8f21459000)]
  0x00007f8f3413c800 JavaThread "pool-1-thread-1" [_thread_blocked, id=15930, stack(0x00007f8f21459000,0x00007f8f2155a000)]
  0x00007f8f340c0800 JavaThread "Service Thread" daemon [_thread_blocked, id=15908, stack(0x00007f8f2167f000,0x00007f8f21780000)]
  0x00007f8f340bd800 JavaThread "C1 CompilerThread2" daemon [_thread_blocked, id=15907, stack(0x00007f8f21780000,0x00007f8f21881000)]
  0x00007f8f340bb800 JavaThread "C2 CompilerThread1" daemon [_thread_blocked, id=15906, stack(0x00007f8f21881000,0x00007f8f21982000)]
  0x00007f8f340b8800 JavaThread "C2 CompilerThread0" daemon [_thread_blocked, id=15905, stack(0x00007f8f21982000,0x00007f8f21a83000)]
  0x00007f8f340b7800 JavaThread "Signal Dispatcher" daemon [_thread_blocked, id=15904, stack(0x00007f8f21a83000,0x00007f8f21b84000)]
  0x00007f8f34083800 JavaThread "Finalizer" daemon [_thread_blocked, id=15903, stack(0x00007f8f21f8d000,0x00007f8f2208e000)]
  0x00007f8f3407f000 JavaThread "Reference Handler" daemon [_thread_blocked, id=15902, stack(0x00007f8f2208e000,0x00007f8f2218f000)]
  0x00007f8f3400a000 JavaThread "main" [_thread_blocked, id=15894, stack(0x00007f8f3c75b000,0x00007f8f3c85c000)]

Other Threads:
=>0x00007f8f34077800 VMThread [stack: 0x00007f8f2218f000,0x00007f8f22290000] [id=15901]
  0x00007f8f340c2800 WatcherThread [stack: 0x00007f8f2157e000,0x00007f8f2167f000] [id=15909]

VM state:at safepoint (normal execution)

VM Mutex/Monitor currently owned by a thread:  ([mutex/lock_event])
[0x00007f8f34006560] Threads_lock - owner thread: 0x00007f8f34077800
[0x00007f8f34006a60] Heap_lock - owner thread: 0x00007f8f34146000

Heap:
 PSYoungGen      total 134656K, used 18412K [0x00000000eab00000, 0x00000000f4500000, 0x0000000100000000)
  eden space 116224K, 0% used [0x00000000eab00000,0x00000000eab00000,0x00000000f1c80000)
  from space 18432K, 99% used [0x00000000f1c80000,0x00000000f2e7b1f8,0x00000000f2e80000)
  to   space 13824K, 0% used [0x00000000f2e80000,0x00000000f2e80000,0x00000000f3c00000)
 ParOldGen       total 39936K, used 36818K [0x00000000c0000000, 0x00000000c2700000, 0x00000000eab00000)
  object space 39936K, 92% used [0x00000000c0000000,0x00000000c23f48f0,0x00000000c2700000)
 Metaspace       used 6317K, capacity 7152K, committed 7296K, reserved 1056768K
  class space    used 592K, capacity 616K, committed 640K, reserved 1048576K

Card table byte_map: [0x00007f8f393ee000,0x00007f8f395ef000] byte_map_base: 0x00007f8f38dee000

Marking Bits: (ParMarkBitMap*) 0x00007f8f3bc2b340
 Begin Bits: [0x00007f8f23000000, 0x00007f8f24000000)
 End Bits:   [0x00007f8f24000000, 0x00007f8f25000000)

Polling page: 0x00007f8f3c87d000

CodeCache: size=245760Kb used=7159Kb max_used=7159Kb free=238600Kb
 bounds [0x00007f8f25000000, 0x00007f8f25710000, 0x00007f8f34000000]
 total_blobs=2160 nmethods=1892 adapters=182
 compilation: enabled

Compilation events (10 events):
Event: 6,935 Thread 0x00007f8f340bd800 2114       2       com.android.dx.ssa.back.FirstFitLocalCombiningAllocator::markReserved (13 bytes)
Event: 6,936 Thread 0x00007f8f340bd800 nmethod 2114 0x00007f8f256fd4d0 code [0x00007f8f256fd640, 0x00007f8f256fd7c8]
Event: 6,936 Thread 0x00007f8f340bd800 2115       2       java.util.BitSet::set (20 bytes)
Event: 6,936 Thread 0x00007f8f340bd800 nmethod 2115 0x00007f8f256fd8d0 code [0x00007f8f256fda40, 0x00007f8f256fdbd8]
Event: 6,936 Thread 0x00007f8f340bd800 2111       2       com.android.dx.dex.file.AnnotationsDirectoryItem::setClassAnnotations (45 bytes)
Event: 6,936 Thread 0x00007f8f340bd800 nmethod 2111 0x00007f8f256fdc90 code [0x00007f8f256fde20, 0x00007f8f256fe188]
Event: 6,936 Thread 0x00007f8f340bd800 2116       2       com.android.dx.ssa.SsaBasicBlock::getLiveOutRegs (26 bytes)
Event: 6,937 Thread 0x00007f8f340bd800 nmethod 2116 0x00007f8f256fe350 code [0x00007f8f256fe4c0, 0x00007f8f256fe7c8]
Event: 6,947 Thread 0x00007f8f340bd800 2118       2       com.android.dx.dex.file.AnnotationUtils::makeSignature (251 bytes)
Event: 6,950 Thread 0x00007f8f340bd800 nmethod 2118 0x00007f8f256fe990 code [0x00007f8f256feca0, 0x00007f8f256ffd48]

GC Heap History (10 events):
Event: 2,876 GC heap after
Heap after GC invocations=4 (full 0):
 PSYoungGen      total 32768K, used 2030K [0x00000000eab00000, 0x00000000ecd00000, 0x0000000100000000)
  eden space 30720K, 0% used [0x00000000eab00000,0x00000000eab00000,0x00000000ec900000)
  from space 2048K, 99% used [0x00000000ecb00000,0x00000000eccfb8c0,0x00000000ecd00000)
  to   space 2048K, 0% used [0x00000000ec900000,0x00000000ec900000,0x00000000ecb00000)
 ParOldGen       total 39936K, used 7730K [0x00000000c0000000, 0x00000000c2700000, 0x00000000eab00000)
  object space 39936K, 19% used [0x00000000c0000000,0x00000000c078c880,0x00000000c2700000)
 Metaspace       used 5792K, capacity 6832K, committed 7040K, reserved 1056768K
  class space    used 573K, capacity 616K, committed 640K, reserved 1048576K
}
Event: 3,310 GC heap before
{Heap before GC invocations=5 (full 0):
 PSYoungGen      total 32768K, used 32750K [0x00000000eab00000, 0x00000000ecd00000, 0x0000000100000000)
  eden space 30720K, 100% used [0x00000000eab00000,0x00000000ec900000,0x00000000ec900000)
  from space 2048K, 99% used [0x00000000ecb00000,0x00000000eccfb8c0,0x00000000ecd00000)
  to   space 2048K, 0% used [0x00000000ec900000,0x00000000ec900000,0x00000000ecb00000)
 ParOldGen       total 39936K, used 7730K [0x00000000c0000000, 0x00000000c2700000, 0x00000000eab00000)
  object space 39936K, 19% used [0x00000000c0000000,0x00000000c078c880,0x00000000c2700000)
 Metaspace       used 5876K, capacity 6896K, committed 7040K, reserved 1056768K
  class space    used 574K, capacity 616K, committed 640K, reserved 1048576K
Event: 3,369 GC heap after
Heap after GC invocations=5 (full 0):
 PSYoungGen      total 32768K, used 2030K [0x00000000eab00000, 0x00000000ef700000, 0x0000000100000000)
  eden space 30720K, 0% used [0x00000000eab00000,0x00000000eab00000,0x00000000ec900000)
  from space 2048K, 99% used [0x00000000ec900000,0x00000000ecafb8b0,0x00000000ecb00000)
  to   space 8192K, 0% used [0x00000000eef00000,0x00000000eef00000,0x00000000ef700000)
 ParOldGen       total 39936K, used 12739K [0x00000000c0000000, 0x00000000c2700000, 0x00000000eab00000)
  object space 39936K, 31% used [0x00000000c0000000,0x00000000c0c70de0,0x00000000c2700000)
 Metaspace       used 5876K, capacity 6896K, committed 7040K, reserved 1056768K
  class space    used 574K, capacity 616K, committed 640K, reserved 1048576K
}
Event: 3,747 GC heap before
{Heap before GC invocations=6 (full 0):
 PSYoungGen      total 32768K, used 32750K [0x00000000eab00000, 0x00000000ef700000, 0x0000000100000000)
  eden space 30720K, 100% used [0x00000000eab00000,0x00000000ec900000,0x00000000ec900000)
  from space 2048K, 99% used [0x00000000ec900000,0x00000000ecafb8b0,0x00000000ecb00000)
  to   space 8192K, 0% used [0x00000000eef00000,0x00000000eef00000,0x00000000ef700000)
 ParOldGen       total 39936K, used 12739K [0x00000000c0000000, 0x00000000c2700000, 0x00000000eab00000)
  object space 39936K, 31% used [0x00000000c0000000,0x00000000c0c70de0,0x00000000c2700000)
 Metaspace       used 5877K, capacity 6896K, committed 7040K, reserved 1056768K
  class space    used 574K, capacity 616K, committed 640K, reserved 1048576K
Event: 3,796 GC heap after
Heap after GC invocations=6 (full 0):
 PSYoungGen      total 68608K, used 7179K [0x00000000eab00000, 0x00000000ef900000, 0x0000000100000000)
  eden space 60416K, 0% used [0x00000000eab00000,0x00000000eab00000,0x00000000ee600000)
  from space 8192K, 87% used [0x00000000eef00000,0x00000000ef602f78,0x00000000ef700000)
  to   space 9216K, 0% used [0x00000000ee600000,0x00000000ee600000,0x00000000eef00000)
 ParOldGen       total 39936K, used 12739K [0x00000000c0000000, 0x00000000c2700000, 0x00000000eab00000)
  object space 39936K, 31% used [0x00000000c0000000,0x00000000c0c70de0,0x00000000c2700000)
 Metaspace       used 5877K, capacity 6896K, committed 7040K, reserved 1056768K
  class space    used 574K, capacity 616K, committed 640K, reserved 1048576K
}
Event: 4,771 GC heap before
{Heap before GC invocations=7 (full 0):
 PSYoungGen      total 68608K, used 67595K [0x00000000eab00000, 0x00000000ef900000, 0x0000000100000000)
  eden space 60416K, 100% used [0x00000000eab00000,0x00000000ee600000,0x00000000ee600000)
  from space 8192K, 87% used [0x00000000eef00000,0x00000000ef602f78,0x00000000ef700000)
  to   space 9216K, 0% used [0x00000000ee600000,0x00000000ee600000,0x00000000eef00000)
 ParOldGen       total 39936K, used 12739K [0x00000000c0000000, 0x00000000c2700000, 0x00000000eab00000)
  object space 39936K, 31% used [0x00000000c0000000,0x00000000c0c70de0,0x00000000c2700000)
 Metaspace       used 5965K, capacity 6960K, committed 7040K, reserved 1056768K
  class space    used 574K, capacity 616K, committed 640K, reserved 1048576K
Event: 4,878 GC heap after
Heap after GC invocations=7 (full 0):
 PSYoungGen      total 69632K, used 9212K [0x00000000eab00000, 0x00000000f3c00000, 0x0000000100000000)
  eden space 60416K, 0% used [0x00000000eab00000,0x00000000eab00000,0x00000000ee600000)
  from space 9216K, 99% used [0x00000000ee600000,0x00000000eeeff238,0x00000000eef00000)
  to   space 13824K, 0% used [0x00000000f2e80000,0x00000000f2e80000,0x00000000f3c00000)
 ParOldGen       total 39936K, used 19090K [0x00000000c0000000, 0x00000000c2700000, 0x00000000eab00000)
  object space 39936K, 47% used [0x00000000c0000000,0x00000000c12a4bb0,0x00000000c2700000)
 Metaspace       used 5965K, capacity 6960K, committed 7040K, reserved 1056768K
  class space    used 574K, capacity 616K, committed 640K, reserved 1048576K
}
Event: 5,542 GC heap before
{Heap before GC invocations=8 (full 0):
 PSYoungGen      total 69632K, used 69628K [0x00000000eab00000, 0x00000000f3c00000, 0x0000000100000000)
  eden space 60416K, 100% used [0x00000000eab00000,0x00000000ee600000,0x00000000ee600000)
  from space 9216K, 99% used [0x00000000ee600000,0x00000000eeeff238,0x00000000eef00000)
  to   space 13824K, 0% used [0x00000000f2e80000,0x00000000f2e80000,0x00000000f3c00000)
 ParOldGen       total 39936K, used 19090K [0x00000000c0000000, 0x00000000c2700000, 0x00000000eab00000)
  object space 39936K, 47% used [0x00000000c0000000,0x00000000c12a4bb0,0x00000000c2700000)
 Metaspace       used 6024K, capacity 7024K, committed 7296K, reserved 1056768K
  class space    used 574K, capacity 616K, committed 640K, reserved 1048576K
Event: 5,639 GC heap after
Heap after GC invocations=8 (full 0):
 PSYoungGen      total 130048K, used 13811K [0x00000000eab00000, 0x00000000f4500000, 0x0000000100000000)
  eden space 116224K, 0% used [0x00000000eab00000,0x00000000eab00000,0x00000000f1c80000)
  from space 13824K, 99% used [0x00000000f2e80000,0x00000000f3bfcf98,0x00000000f3c00000)
  to   space 18432K, 0% used [0x00000000f1c80000,0x00000000f1c80000,0x00000000f2e80000)
 ParOldGen       total 39936K, used 23848K [0x00000000c0000000, 0x00000000c2700000, 0x00000000eab00000)
  object space 39936K, 59% used [0x00000000c0000000,0x00000000c174a3a0,0x00000000c2700000)
 Metaspace       used 6024K, capacity 7024K, committed 7296K, reserved 1056768K
  class space    used 574K, capacity 616K, committed 640K, reserved 1048576K
}
Event: 6,956 GC heap before
{Heap before GC invocations=9 (full 0):
 PSYoungGen      total 130048K, used 130035K [0x00000000eab00000, 0x00000000f4500000, 0x0000000100000000)
  eden space 116224K, 100% used [0x00000000eab00000,0x00000000f1c80000,0x00000000f1c80000)
  from space 13824K, 99% used [0x00000000f2e80000,0x00000000f3bfcf98,0x00000000f3c00000)
  to   space 18432K, 0% used [0x00000000f1c80000,0x00000000f1c80000,0x00000000f2e80000)
 ParOldGen       total 39936K, used 23848K [0x00000000c0000000, 0x00000000c2700000, 0x00000000eab00000)
  object space 39936K, 59% used [0x00000000c0000000,0x00000000c174a3a0,0x00000000c2700000)
 Metaspace       used 6317K, capacity 7152K, committed 7296K, reserved 1056768K
  class space    used 592K, capacity 616K, committed 640K, reserved 1048576K

Deoptimization events (10 events):
Event: 3,256 Thread 0x00007f8f34144800 Uncommon trap: reason=bimorphic action=maybe_recompile pc=0x00007f8f253e24cc method=java.util.HashMap.getNode(ILjava/lang/Object;)Ljava/util/HashMap$Node; @ 126
Event: 3,256 Thread 0x00007f8f34144800 Uncommon trap: reason=bimorphic action=maybe_recompile pc=0x00007f8f253e24cc method=java.util.HashMap.getNode(ILjava/lang/Object;)Ljava/util/HashMap$Node; @ 126
Event: 3,256 Thread 0x00007f8f34144800 Uncommon trap: reason=bimorphic action=maybe_recompile pc=0x00007f8f253e24cc method=java.util.HashMap.getNode(ILjava/lang/Object;)Ljava/util/HashMap$Node; @ 126
Event: 3,256 Thread 0x00007f8f34144800 Uncommon trap: reason=bimorphic action=maybe_recompile pc=0x00007f8f252478f4 method=java.util.HashMap.getNode(ILjava/lang/Object;)Ljava/util/HashMap$Node; @ 126
Event: 3,562 Thread 0x00007f8f34143800 Uncommon trap: reason=unstable_if action=reinterpret pc=0x00007f8f253e8d44 method=com.android.dx.util.IntList.binarysearch(I)I @ 105
Event: 4,748 Thread 0x00007f8f34146000 Uncommon trap: reason=bimorphic action=maybe_recompile pc=0x00007f8f2541453c method=java.util.HashMap.putVal(ILjava/lang/Object;Ljava/lang/Object;ZZ)Ljava/lang/Object; @ 203
Event: 4,886 Thread 0x00007f8f34146000 Uncommon trap: reason=unstable_if action=reinterpret pc=0x00007f8f255428b4 method=com.android.dx.ssa.SCCP.simulateStmt(Lcom/android/dx/ssa/SsaInsn;)V @ 53
Event: 6,092 Thread 0x00007f8f3413c800 Uncommon trap: reason=unstable_if action=reinterpret pc=0x00007f8f25551dc0 method=com.android.dx.ssa.MoveParamCombiner$1.visitNonMoveInsn(Lcom/android/dx/ssa/NormalSsaInsn;)V @ 27
Event: 6,284 Thread 0x00007f8f3413c800 Uncommon trap: reason=unstable_if action=reinterpret pc=0x00007f8f252b7748 method=java.util.HashMap.putVal(ILjava/lang/Object;Ljava/lang/Object;ZZ)Ljava/lang/Object; @ 162
Event: 6,579 Thread 0x00007f8f3413c800 Uncommon trap: reason=unstable_if action=reinterpret pc=0x00007f8f25414500 method=java.util.HashMap.putVal(ILjava/lang/Object;Ljava/lang/Object;ZZ)Ljava/lang/Object; @ 109

Internal exceptions (7 events):
Event: 0,129 Thread 0x00007f8f3400a000 Exception <a 'java/lang/NoSuchMethodError': Method sun.misc.Unsafe.defineClass(Ljava/lang/String;[BII)Ljava/lang/Class; name or signature does not match> (0x00000000eab07c78) thrown at [/ssd/Android/AOSP-openjdk/external/jetbrains/jdk/hotspot/src/share/vm
Event: 0,129 Thread 0x00007f8f3400a000 Exception <a 'java/lang/NoSuchMethodError': Method sun.misc.Unsafe.prefetchRead(Ljava/lang/Object;J)V name or signature does not match> (0x00000000eab07f60) thrown at [/ssd/Android/AOSP-openjdk/external/jetbrains/jdk/hotspot/src/share/vm/prims/jni.cpp, li
Event: 2,114 Thread 0x00007f8f34143800 Implicit null exception at 0x00007f8f2524f962 to 0x00007f8f2524fa65
Event: 2,446 Thread 0x00007f8f3400a000 Implicit null exception at 0x00007f8f252d3b60 to 0x00007f8f252d5e85
Event: 6,285 Thread 0x00007f8f3413c800 Exception <a 'java/lang/ArrayIndexOutOfBoundsException': 18> (0x00000000ee703818) thrown at [/ssd/Android/AOSP-openjdk/external/jetbrains/jdk/hotspot/src/share/vm/interpreter/interpreterRuntime.cpp, line 366]
Event: 6,286 Thread 0x00007f8f3413c800 Exception <a 'java/lang/ArrayIndexOutOfBoundsException': 145> (0x00000000ee705398) thrown at [/ssd/Android/AOSP-openjdk/external/jetbrains/jdk/hotspot/src/share/vm/interpreter/interpreterRuntime.cpp, line 366]
Event: 6,287 Thread 0x00007f8f3413c800 Exception <a 'java/lang/ArrayIndexOutOfBoundsException': 40> (0x00000000ee706680) thrown at [/ssd/Android/AOSP-openjdk/external/jetbrains/jdk/hotspot/src/share/vm/interpreter/interpreterRuntime.cpp, line 366]

Events (10 events):
Event: 6,579 Thread 0x00007f8f3413c800 DEOPT UNPACKING pc=0x00007f8f25004f69 sp=0x00007f8f21557e10 mode 2
Event: 6,614 Thread 0x00007f8f3413c800 DEOPT PACKING pc=0x00007f8f254f9003 sp=0x00007f8f215583c0
Event: 6,615 Thread 0x00007f8f3413c800 DEOPT UNPACKING pc=0x00007f8f25047373 sp=0x00007f8f21558130 mode 0
Event: 6,615 Thread 0x00007f8f34144800 DEOPT PACKING pc=0x00007f8f254b47ad sp=0x00007f8f212552d0
Event: 6,615 Thread 0x00007f8f34144800 DEOPT UNPACKING pc=0x00007f8f25047373 sp=0x00007f8f21255028 mode 0
Event: 6,628 Thread 0x00007f8f34143800 DEOPT PACKING pc=0x00007f8f254f5aec sp=0x00007f8f21356160
Event: 6,628 Thread 0x00007f8f34143800 DEOPT UNPACKING pc=0x00007f8f25047373 sp=0x00007f8f21355f48 mode 0
Event: 6,795 Thread 0x00007f8f34146000 DEOPT PACKING pc=0x00007f8f2536896c sp=0x00007f8f21154260
Event: 6,795 Thread 0x00007f8f34146000 DEOPT UNPACKING pc=0x00007f8f25047373 sp=0x00007f8f21153f60 mode 0
Event: 6,956 Executing VM operation: ParallelGCFailedAllocation


Dynamic libraries:
00400000-00401000 r-xp 00000000 08:02 131385                             /home/m/android-studio/jre/bin/java
00600000-00601000 r--p 00000000 08:02 131385                             /home/m/android-studio/jre/bin/java
00601000-00602000 rw-p 00001000 08:02 131385                             /home/m/android-studio/jre/bin/java
00c19000-00c3a000 rw-p 00000000 00:00 0                                  [heap]
c0000000-c2700000 rw-p 00000000 00:00 0 
c2700000-eab00000 ---p 00000000 00:00 0 
eab00000-f4500000 rw-p 00000000 00:00 0 
f9500000-100000000 ---p 00000000 00:00 0 
100000000-1000a0000 rw-p 00000000 00:00 0 
1000a0000-140000000 ---p 00000000 00:00 0 
7f8ed4000000-7f8ed4021000 rw-p 00000000 00:00 0 
7f8ed4021000-7f8ed8000000 ---p 00000000 00:00 0 
7f8edc000000-7f8edc021000 rw-p 00000000 00:00 0 
7f8edc021000-7f8ee0000000 ---p 00000000 00:00 0 
7f8ee0000000-7f8ee0021000 rw-p 00000000 00:00 0 
7f8ee0021000-7f8ee4000000 ---p 00000000 00:00 0 
7f8ee4000000-7f8ee4039000 rw-p 00000000 00:00 0 
7f8ee4039000-7f8ee8000000 ---p 00000000 00:00 0 
7f8ee8000000-7f8ee8021000 rw-p 00000000 00:00 0 
7f8ee8021000-7f8eec000000 ---p 00000000 00:00 0 
7f8eec000000-7f8eec021000 rw-p 00000000 00:00 0 
7f8eec021000-7f8ef0000000 ---p 00000000 00:00 0 
7f8ef0000000-7f8ef0021000 rw-p 00000000 00:00 0 
7f8ef0021000-7f8ef4000000 ---p 00000000 00:00 0 
7f8ef4000000-7f8ef4641000 rw-p 00000000 00:00 0 
7f8ef4641000-7f8ef8000000 ---p 00000000 00:00 0 
7f8ef8000000-7f8ef8a8d000 rw-p 00000000 00:00 0 
7f8ef8a8d000-7f8efc000000 ---p 00000000 00:00 0 
7f8efc000000-7f8efc021000 rw-p 00000000 00:00 0 
7f8efc021000-7f8f00000000 ---p 00000000 00:00 0 
7f8f00000000-7f8f00874000 rw-p 00000000 00:00 0 
7f8f00874000-7f8f04000000 ---p 00000000 00:00 0 
7f8f04000000-7f8f04021000 rw-p 00000000 00:00 0 
7f8f04021000-7f8f08000000 ---p 00000000 00:00 0 
7f8f08000000-7f8f08021000 rw-p 00000000 00:00 0 
7f8f08021000-7f8f0c000000 ---p 00000000 00:00 0 
7f8f0c000000-7f8f0c021000 rw-p 00000000 00:00 0 
7f8f0c021000-7f8f10000000 ---p 00000000 00:00 0 
7f8f10000000-7f8f10286000 rw-p 00000000 00:00 0 
7f8f10286000-7f8f14000000 ---p 00000000 00:00 0 
7f8f14000000-7f8f14021000 rw-p 00000000 00:00 0 
7f8f14021000-7f8f18000000 ---p 00000000 00:00 0 
7f8f18000000-7f8f18021000 rw-p 00000000 00:00 0 
7f8f18021000-7f8f1c000000 ---p 00000000 00:00 0 
7f8f1c000000-7f8f1c021000 rw-p 00000000 00:00 0 
7f8f1c021000-7f8f20000000 ---p 00000000 00:00 0 
7f8f21055000-7f8f21058000 ---p 00000000 00:00 0 
7f8f21058000-7f8f21156000 rw-p 00000000 00:00 0 
7f8f21156000-7f8f21159000 ---p 00000000 00:00 0 
7f8f21159000-7f8f21257000 rw-p 00000000 00:00 0 
7f8f21257000-7f8f2125a000 ---p 00000000 00:00 0 
7f8f2125a000-7f8f21358000 rw-p 00000000 00:00 0 
7f8f21358000-7f8f2135b000 ---p 00000000 00:00 0 
7f8f2135b000-7f8f21459000 rw-p 00000000 00:00 0 
7f8f21459000-7f8f2145c000 ---p 00000000 00:00 0 
7f8f2145c000-7f8f2155a000 rw-p 00000000 00:00 0 
7f8f2155a000-7f8f2156f000 r--s 000e5000 08:02 7217810                    /home/m/Documents/SerialPortExample-master/example/build/intermediates/exploded-aar/com.android.support/support-v4/23.1.1/jars/classes.jar
7f8f2156f000-7f8f2157e000 r--s 000df000 08:02 3545608                    /home/m/Android/Sdk/build-tools/23.0.2/lib/dx.jar
7f8f2157e000-7f8f2157f000 ---p 00000000 00:00 0 
7f8f2157f000-7f8f2167f000 rw-p 00000000 00:00 0 
7f8f2167f000-7f8f21682000 ---p 00000000 00:00 0 
7f8f21682000-7f8f21780000 rw-p 00000000 00:00 0 
7f8f21780000-7f8f21783000 ---p 00000000 00:00 0 
7f8f21783000-7f8f21881000 rw-p 00000000 00:00 0 
7f8f21881000-7f8f21884000 ---p 00000000 00:00 0 
7f8f21884000-7f8f21982000 rw-p 00000000 00:00 0 
7f8f21982000-7f8f21985000 ---p 00000000 00:00 0 
7f8f21985000-7f8f21a83000 rw-p 00000000 00:00 0 
7f8f21a83000-7f8f21a86000 ---p 00000000 00:00 0 
7f8f21a86000-7f8f21b84000 rw-p 00000000 00:00 0 
7f8f21b84000-7f8f21f8d000 r--p 00000000 08:02 2621747                    /usr/lib/locale/locale-archive
7f8f21f8d000-7f8f21f90000 ---p 00000000 00:00 0 
7f8f21f90000-7f8f2208e000 rw-p 00000000 00:00 0 
7f8f2208e000-7f8f22091000 ---p 00000000 00:00 0 
7f8f22091000-7f8f2218f000 rw-p 00000000 00:00 0 
7f8f2218f000-7f8f22190000 ---p 00000000 00:00 0 
7f8f22190000-7f8f25000000 rw-p 00000000 00:00 0 
7f8f25000000-7f8f25710000 rwxp 00000000 00:00 0 
7f8f25710000-7f8f34000000 ---p 00000000 00:00 0 
7f8f34000000-7f8f3437b000 rw-p 00000000 00:00 0 
7f8f3437b000-7f8f38000000 ---p 00000000 00:00 0 
7f8f3800b000-7f8f3824f000 rw-p 00000000 00:00 0 
7f8f3824f000-7f8f3841e000 r--s 03c1b000 08:02 131442                     /home/m/android-studio/jre/jre/lib/rt.jar
7f8f3841e000-7f8f38b14000 rw-p 00000000 00:00 0 
7f8f38b14000-7f8f38c94000 ---p 00000000 00:00 0 
7f8f38c94000-7f8f38e94000 rw-p 00000000 00:00 0 
7f8f38e94000-7f8f38e95000 ---p 00000000 00:00 0 
7f8f38e95000-7f8f38f95000 rw-p 00000000 00:00 0 
7f8f38f95000-7f8f38f96000 ---p 00000000 00:00 0 
7f8f38f96000-7f8f39096000 rw-p 00000000 00:00 0 
7f8f39096000-7f8f39097000 ---p 00000000 00:00 0 
7f8f39097000-7f8f39197000 rw-p 00000000 00:00 0 
7f8f39197000-7f8f39198000 ---p 00000000 00:00 0 
7f8f39198000-7f8f392ac000 rw-p 00000000 00:00 0 
7f8f392ac000-7f8f393ee000 ---p 00000000 00:00 0 
7f8f393ee000-7f8f39402000 rw-p 00000000 00:00 0 
7f8f39402000-7f8f39543000 ---p 00000000 00:00 0 
7f8f39543000-7f8f39591000 rw-p 00000000 00:00 0 
7f8f39591000-7f8f395ee000 ---p 00000000 00:00 0 
7f8f395ee000-7f8f3960c000 rw-p 00000000 00:00 0 
7f8f3960c000-7f8f399af000 ---p 00000000 00:00 0 
7f8f399af000-7f8f399c9000 r-xp 00000000 08:02 131469                     /home/m/android-studio/jre/jre/lib/amd64/libzip.so
7f8f399c9000-7f8f39bc9000 ---p 0001a000 08:02 131469                     /home/m/android-studio/jre/jre/lib/amd64/libzip.so
7f8f39bc9000-7f8f39bca000 r--p 0001a000 08:02 131469                     /home/m/android-studio/jre/jre/lib/amd64/libzip.so
7f8f39bca000-7f8f39bcb000 rw-p 0001b000 08:02 131469                     /home/m/android-studio/jre/jre/lib/amd64/libzip.so
7f8f39bcb000-7f8f39bd6000 r-xp 00000000 08:02 3936734                    /lib/x86_64-linux-gnu/libnss_files-2.23.so
7f8f39bd6000-7f8f39dd5000 ---p 0000b000 08:02 3936734                    /lib/x86_64-linux-gnu/libnss_files-2.23.so
7f8f39dd5000-7f8f39dd6000 r--p 0000a000 08:02 3936734                    /lib/x86_64-linux-gnu/libnss_files-2.23.so
7f8f39dd6000-7f8f39dd7000 rw-p 0000b000 08:02 3936734                    /lib/x86_64-linux-gnu/libnss_files-2.23.so
7f8f39dd7000-7f8f39ddd000 rw-p 00000000 00:00 0 
7f8f39ddd000-7f8f39de8000 r-xp 00000000 08:02 3932258                    /lib/x86_64-linux-gnu/libnss_nis-2.23.so
7f8f39de8000-7f8f39fe7000 ---p 0000b000 08:02 3932258                    /lib/x86_64-linux-gnu/libnss_nis-2.23.so
7f8f39fe7000-7f8f39fe8000 r--p 0000a000 08:02 3932258                    /lib/x86_64-linux-gnu/libnss_nis-2.23.so
7f8f39fe8000-7f8f39fe9000 rw-p 0000b000 08:02 3932258                    /lib/x86_64-linux-gnu/libnss_nis-2.23.so
7f8f39fe9000-7f8f39fff000 r-xp 00000000 08:02 3936729                    /lib/x86_64-linux-gnu/libnsl-2.23.so
7f8f39fff000-7f8f3a1fe000 ---p 00016000 08:02 3936729                    /lib/x86_64-linux-gnu/libnsl-2.23.so
7f8f3a1fe000-7f8f3a1ff000 r--p 00015000 08:02 3936729                    /lib/x86_64-linux-gnu/libnsl-2.23.so
7f8f3a1ff000-7f8f3a200000 rw-p 00016000 08:02 3936729                    /lib/x86_64-linux-gnu/libnsl-2.23.so
7f8f3a200000-7f8f3a202000 rw-p 00000000 00:00 0 
7f8f3a202000-7f8f3a20a000 r-xp 00000000 08:02 3936758                    /lib/x86_64-linux-gnu/libnss_compat-2.23.so
7f8f3a20a000-7f8f3a409000 ---p 00008000 08:02 3936758                    /lib/x86_64-linux-gnu/libnss_compat-2.23.so
7f8f3a409000-7f8f3a40a000 r--p 00007000 08:02 3936758                    /lib/x86_64-linux-gnu/libnss_compat-2.23.so
7f8f3a40a000-7f8f3a40b000 rw-p 00008000 08:02 3936758                    /lib/x86_64-linux-gnu/libnss_compat-2.23.so
7f8f3a40b000-7f8f3a438000 r-xp 00000000 08:02 131479                     /home/m/android-studio/jre/jre/lib/amd64/libjava.so
7f8f3a438000-7f8f3a637000 ---p 0002d000 08:02 131479                     /home/m/android-studio/jre/jre/lib/amd64/libjava.so
7f8f3a637000-7f8f3a638000 r--p 0002c000 08:02 131479                     /home/m/android-studio/jre/jre/lib/amd64/libjava.so
7f8f3a638000-7f8f3a63a000 rw-p 0002d000 08:02 131479                     /home/m/android-studio/jre/jre/lib/amd64/libjava.so
7f8f3a63a000-7f8f3a64a000 r-xp 00000000 08:02 131495                     /home/m/android-studio/jre/jre/lib/amd64/libverify.so
7f8f3a64a000-7f8f3a849000 ---p 00010000 08:02 131495                     /home/m/android-studio/jre/jre/lib/amd64/libverify.so
7f8f3a849000-7f8f3a84b000 r--p 0000f000 08:02 131495                     /home/m/android-studio/jre/jre/lib/amd64/libverify.so
7f8f3a84b000-7f8f3a84c000 rw-p 00011000 08:02 131495                     /home/m/android-studio/jre/jre/lib/amd64/libverify.so
7f8f3a84c000-7f8f3a853000 r-xp 00000000 08:02 3936776                    /lib/x86_64-linux-gnu/librt-2.23.so
7f8f3a853000-7f8f3aa52000 ---p 00007000 08:02 3936776                    /lib/x86_64-linux-gnu/librt-2.23.so
7f8f3aa52000-7f8f3aa53000 r--p 00006000 08:02 3936776                    /lib/x86_64-linux-gnu/librt-2.23.so
7f8f3aa53000-7f8f3aa54000 rw-p 00007000 08:02 3936776                    /lib/x86_64-linux-gnu/librt-2.23.so
7f8f3aa54000-7f8f3ab5c000 r-xp 00000000 08:02 3936609                    /lib/x86_64-linux-gnu/libm-2.23.so
7f8f3ab5c000-7f8f3ad5b000 ---p 00108000 08:02 3936609                    /lib/x86_64-linux-gnu/libm-2.23.so
7f8f3ad5b000-7f8f3ad5c000 r--p 00107000 08:02 3936609                    /lib/x86_64-linux-gnu/libm-2.23.so
7f8f3ad5c000-7f8f3ad5d000 rw-p 00108000 08:02 3936609                    /lib/x86_64-linux-gnu/libm-2.23.so
7f8f3ad5d000-7f8f3b94e000 r-xp 00000000 08:02 131499                     /home/m/android-studio/jre/jre/lib/amd64/server/libjvm.so
7f8f3b94e000-7f8f3bb4e000 ---p 00bf1000 08:02 131499                     /home/m/android-studio/jre/jre/lib/amd64/server/libjvm.so
7f8f3bb4e000-7f8f3bbed000 r--p 00bf1000 08:02 131499                     /home/m/android-studio/jre/jre/lib/amd64/server/libjvm.so
7f8f3bbed000-7f8f3bc16000 rw-p 00c90000 08:02 131499                     /home/m/android-studio/jre/jre/lib/amd64/server/libjvm.so
7f8f3bc16000-7f8f3bc5a000 rw-p 00000000 00:00 0 
7f8f3bc5a000-7f8f3bc72000 r-xp 00000000 08:02 3936860                    /lib/x86_64-linux-gnu/libpthread-2.23.so
7f8f3bc72000-7f8f3be71000 ---p 00018000 08:02 3936860                    /lib/x86_64-linux-gnu/libpthread-2.23.so
7f8f3be71000-7f8f3be72000 r--p 00017000 08:02 3936860                    /lib/x86_64-linux-gnu/libpthread-2.23.so
7f8f3be72000-7f8f3be73000 rw-p 00018000 08:02 3936860                    /lib/x86_64-linux-gnu/libpthread-2.23.so
7f8f3be73000-7f8f3be77000 rw-p 00000000 00:00 0 
7f8f3be77000-7f8f3be7a000 r-xp 00000000 08:02 3932257                    /lib/x86_64-linux-gnu/libdl-2.23.so
7f8f3be7a000-7f8f3c079000 ---p 00003000 08:02 3932257                    /lib/x86_64-linux-gnu/libdl-2.23.so
7f8f3c079000-7f8f3c07a000 r--p 00002000 08:02 3932257                    /lib/x86_64-linux-gnu/libdl-2.23.so
7f8f3c07a000-7f8f3c07b000 rw-p 00003000 08:02 3932257                    /lib/x86_64-linux-gnu/libdl-2.23.so
7f8f3c07b000-7f8f3c23a000 r-xp 00000000 08:02 3936730                    /lib/x86_64-linux-gnu/libc-2.23.so
7f8f3c23a000-7f8f3c43a000 ---p 001bf000 08:02 3936730                    /lib/x86_64-linux-gnu/libc-2.23.so
7f8f3c43a000-7f8f3c43e000 r--p 001bf000 08:02 3936730                    /lib/x86_64-linux-gnu/libc-2.23.so
7f8f3c43e000-7f8f3c440000 rw-p 001c3000 08:02 3936730                    /lib/x86_64-linux-gnu/libc-2.23.so
7f8f3c440000-7f8f3c444000 rw-p 00000000 00:00 0 
7f8f3c444000-7f8f3c45a000 r-xp 00000000 08:02 131359                     /home/m/android-studio/jre/lib/amd64/jli/libjli.so
7f8f3c45a000-7f8f3c659000 ---p 00016000 08:02 131359                     /home/m/android-studio/jre/lib/amd64/jli/libjli.so
7f8f3c659000-7f8f3c65a000 r--p 00015000 08:02 131359                     /home/m/android-studio/jre/lib/amd64/jli/libjli.so
7f8f3c65a000-7f8f3c65b000 rw-p 00016000 08:02 131359                     /home/m/android-studio/jre/lib/amd64/jli/libjli.so
7f8f3c65b000-7f8f3c681000 r-xp 00000000 08:02 3936731                    /lib/x86_64-linux-gnu/ld-2.23.so
7f8f3c68a000-7f8f3c75b000 rw-p 00000000 00:00 0 
7f8f3c75b000-7f8f3c75e000 ---p 00000000 00:00 0 
7f8f3c75e000-7f8f3c874000 rw-p 00000000 00:00 0 
7f8f3c874000-7f8f3c87c000 rw-s 00000000 08:02 3417559                    /tmp/hsperfdata_m/15891
7f8f3c87c000-7f8f3c87d000 rw-p 00000000 00:00 0 
7f8f3c87d000-7f8f3c87e000 ---p 00000000 00:00 0 
7f8f3c87e000-7f8f3c880000 rw-p 00000000 00:00 0 
7f8f3c880000-7f8f3c881000 r--p 00025000 08:02 3936731                    /lib/x86_64-linux-gnu/ld-2.23.so
7f8f3c881000-7f8f3c882000 rw-p 00026000 08:02 3936731                    /lib/x86_64-linux-gnu/ld-2.23.so
7f8f3c882000-7f8f3c883000 rw-p 00000000 00:00 0 
7ffe4ca02000-7ffe4ca24000 rw-p 00000000 00:00 0                          [stack]
7ffe4ca5d000-7ffe4ca5f000 r--p 00000000 00:00 0                          [vvar]
7ffe4ca5f000-7ffe4ca61000 r-xp 00000000 00:00 0                          [vdso]
ffffffffff600000-ffffffffff601000 r-xp 00000000 00:00 0                  [vsyscall]

VM Arguments:
jvm_args: -Djava.awt.headless=true -Xmx1024M -Dfile.encoding=UTF-8 -Duser.country=US -Duser.language=en -Duser.variant 
java_command: com.android.dx.command.Main --dex --num-threads=4 --output /home/m/Documents/SerialPortExample-master/example/build/intermediates/pre-dexed/debug/com.android.support-support-v4-23.1.1_795108ef10df72e7f86f57ca585de9f5c39d0297.jar /home/m/Documents/SerialPortExample-master/example/build/intermediates/exploded-aar/com.android.support/support-v4/23.1.1/jars/classes.jar
java_class_path (initial): /home/m/Android/Sdk/build-tools/23.0.2/lib/dx.jar
Launcher Type: SUN_STANDARD

Environment Variables:
PATH=/home/m/bin:/home/m/.local/bin:/usr/local/sbin:/usr/local/bin:/usr/sbin:/usr/bin:/sbin:/bin:/usr/games:/usr/local/games:/snap/bin
LD_LIBRARY_PATH=.:
SHELL=/bin/bash
DISPLAY=:0

Signal Handlers:
SIGSEGV: [libjvm.so+0x9e5150], sa_mask[0]=11111111011111111101111111111110, sa_flags=SA_RESTART|SA_SIGINFO
SIGBUS: [libjvm.so+0x9e5150], sa_mask[0]=11111111011111111101111111111110, sa_flags=SA_RESTART|SA_SIGINFO
SIGFPE: [libjvm.so+0x848450], sa_mask[0]=11111111011111111101111111111110, sa_flags=SA_RESTART|SA_SIGINFO
SIGPIPE: [libjvm.so+0x848450], sa_mask[0]=11111111011111111101111111111110, sa_flags=SA_RESTART|SA_SIGINFO
SIGXFSZ: [libjvm.so+0x848450], sa_mask[0]=11111111011111111101111111111110, sa_flags=SA_RESTART|SA_SIGINFO
SIGILL: [libjvm.so+0x848450], sa_mask[0]=11111111011111111101111111111110, sa_flags=SA_RESTART|SA_SIGINFO
SIGUSR1: SIG_DFL, sa_mask[0]=00000000000000000000000000000000, sa_flags=none
SIGUSR2: [libjvm.so+0x848320], sa_mask[0]=00100000000000000000000000000000, sa_flags=SA_RESTART|SA_SIGINFO
SIGHUP: [libjvm.so+0x848510], sa_mask[0]=11111111011111111101111111111110, sa_flags=SA_RESTART|SA_SIGINFO
SIGINT: [libjvm.so+0x848510], sa_mask[0]=11111111011111111101111111111110, sa_flags=SA_RESTART|SA_SIGINFO
SIGTERM: [libjvm.so+0x848510], sa_mask[0]=11111111011111111101111111111110, sa_flags=SA_RESTART|SA_SIGINFO
SIGQUIT: [libjvm.so+0x848510], sa_mask[0]=11111111011111111101111111111110, sa_flags=SA_RESTART|SA_SIGINFO


---------------  S Y S T E M  ---------------

OS:DISTRIB_ID=Ubuntu
DISTRIB_RELEASE=16.04
DISTRIB_CODENAME=xenial
DISTRIB_DESCRIPTION="Ubuntu 16.04.2 LTS"

uname:Linux 4.8.0-52-generic #55~16.04.1-Ubuntu SMP Fri Apr 28 14:36:29 UTC 2017 x86_64
libc:glibc 2.23 NPTL 2.23 
rlimit: STACK 8192k, CORE 0k, NPROC 14437, NOFILE 65536, AS infinity
load average:4,92 2,14 1,07

/proc/meminfo:
MemTotal:        3738316 kB
MemFree:           95236 kB
MemAvailable:       5048 kB
Buffers:             376 kB
Cached:           147784 kB
SwapCached:         2496 kB
Active:          2958816 kB
Inactive:         517156 kB
Active(anon):    2950956 kB
Inactive(anon):   508616 kB
Active(file):       7860 kB
Inactive(file):     8540 kB
Unevictable:          96 kB
Mlocked:              96 kB
SwapTotal:        999420 kB
SwapFree:              0 kB
Dirty:               652 kB
Writeback:            24 kB
AnonPages:       3325632 kB
Mapped:            17600 kB
Shmem:            131592 kB
Slab:              78056 kB
SReclaimable:      38080 kB
SUnreclaim:        39976 kB
KernelStack:       12096 kB
PageTables:        41384 kB
NFS_Unstable:          0 kB
Bounce:                0 kB
WritebackTmp:          0 kB
CommitLimit:     2868576 kB
Committed_AS:    8444524 kB
VmallocTotal:   34359738367 kB
VmallocUsed:           0 kB
VmallocChunk:          0 kB
HardwareCorrupted:     0 kB
AnonHugePages:   1738752 kB
ShmemHugePages:        0 kB
ShmemPmdMapped:        0 kB
CmaTotal:              0 kB
CmaFree:               0 kB
HugePages_Total:       0
HugePages_Free:        0
HugePages_Rsvd:        0
HugePages_Surp:        0
Hugepagesize:       2048 kB
DirectMap4k:      153792 kB
DirectMap2M:     3729408 kB


CPU:total 4 (2 cores per cpu, 2 threads per core) family 6 model 58 stepping 9, cmov, cx8, fxsr, mmx, sse, sse2, sse3, ssse3, sse4.1, sse4.2, popcnt, avx, aes, clmul, erms, ht, tsc, tscinvbit, tscinv

/proc/cpuinfo:
processor	: 0
vendor_id	: GenuineIntel
cpu family	: 6
model		: 58
model name	: Intel(R) Core(TM) i5-3210M CPU @ 2.50GHz
stepping	: 9
microcode	: 0x1c
cpu MHz		: 2899.932
cache size	: 3072 KB
physical id	: 0
siblings	: 4
core id		: 0
cpu cores	: 2
apicid		: 0
initial apicid	: 0
fpu		: yes
fpu_exception	: yes
cpuid level	: 13
wp		: yes
flags		: fpu vme de pse tsc msr pae mce cx8 apic sep mtrr pge mca cmov pat pse36 clflush dts acpi mmx fxsr sse sse2 ss ht tm pbe syscall nx rdtscp lm constant_tsc arch_perfmon pebs bts rep_good nopl xtopology nonstop_tsc aperfmperf eagerfpu pni pclmulqdq dtes64 monitor ds_cpl vmx est tm2 ssse3 cx16 xtpr pdcm pcid sse4_1 sse4_2 x2apic popcnt tsc_deadline_timer aes xsave avx f16c rdrand lahf_lm epb tpr_shadow vnmi flexpriority ept vpid fsgsbase smep erms xsaveopt dtherm ida arat pln pts
bugs		:
bogomips	: 4988.47
clflush size	: 64
cache_alignment	: 64
address sizes	: 36 bits physical, 48 bits virtual
power management:

processor	: 1
vendor_id	: GenuineIntel
cpu family	: 6
model		: 58
model name	: Intel(R) Core(TM) i5-3210M CPU @ 2.50GHz
stepping	: 9
microcode	: 0x1c
cpu MHz		: 2899.932
cache size	: 3072 KB
physical id	: 0
siblings	: 4
core id		: 0
cpu cores	: 2
apicid		: 1
initial apicid	: 1
fpu		: yes
fpu_exception	: yes
cpuid level	: 13
wp		: yes
flags		: fpu vme de pse tsc msr pae mce cx8 apic sep mtrr pge mca cmov pat pse36 clflush dts acpi mmx fxsr sse sse2 ss ht tm pbe syscall nx rdtscp lm constant_tsc arch_perfmon pebs bts rep_good nopl xtopology nonstop_tsc aperfmperf eagerfpu pni pclmulqdq dtes64 monitor ds_cpl vmx est tm2 ssse3 cx16 xtpr pdcm pcid sse4_1 sse4_2 x2apic popcnt tsc_deadline_timer aes xsave avx f16c rdrand lahf_lm epb tpr_shadow vnmi flexpriority ept vpid fsgsbase smep erms xsaveopt dtherm ida arat pln pts
bugs		:
bogomips	: 4988.47
clflush size	: 64
cache_alignment	: 64
address sizes	: 36 bits physical, 48 bits virtual
power management:

processor	: 2
vendor_id	: GenuineIntel
cpu family	: 6
model		: 58
model name	: Intel(R) Core(TM) i5-3210M CPU @ 2.50GHz
stepping	: 9
microcode	: 0x1c
cpu MHz		: 2899.932
cache size	: 3072 KB
physical id	: 0
siblings	: 4
core id		: 1
cpu cores	: 2
apicid		: 2
initial apicid	: 2
fpu		: yes
fpu_exception	: yes
cpuid level	: 13
wp		: yes
flags		: fpu vme de pse tsc msr pae mce cx8 apic sep mtrr pge mca cmov pat pse36 clflush dts acpi mmx fxsr sse sse2 ss ht tm pbe syscall nx rdtscp lm constant_tsc arch_perfmon pebs bts rep_good nopl xtopology nonstop_tsc aperfmperf eagerfpu pni pclmulqdq dtes64 monitor ds_cpl vmx est tm2 ssse3 cx16 xtpr pdcm pcid sse4_1 sse4_2 x2apic popcnt tsc_deadline_timer aes xsave avx f16c rdrand lahf_lm epb tpr_shadow vnmi flexpriority ept vpid fsgsbase smep erms xsaveopt dtherm ida arat pln pts
bugs		:
bogomips	: 4988.47
clflush size	: 64
cache_alignment	: 64
address sizes	: 36 bits physical, 48 bits virtual
power management:

processor	: 3
vendor_id	: GenuineIntel
cpu family	: 6
model		: 58
model name	: Intel(R) Core(TM) i5-3210M CPU @ 2.50GHz
stepping	: 9
microcode	: 0x1c
cpu MHz		: 2899.932
cache size	: 3072 KB
physical id	: 0
siblings	: 4
core id		: 1
cpu cores	: 2
apicid		: 3
initial apicid	: 3
fpu		: yes
fpu_exception	: yes
cpuid level	: 13
wp		: yes
flags		: fpu vme de pse tsc msr pae mce cx8 apic sep mtrr pge mca cmov pat pse36 clflush dts acpi mmx fxsr sse sse2 ss ht tm pbe syscall nx rdtscp lm constant_tsc arch_perfmon pebs bts rep_good nopl xtopology nonstop_tsc aperfmperf eagerfpu pni pclmulqdq dtes64 monitor ds_cpl vmx est tm2 ssse3 cx16 xtpr pdcm pcid sse4_1 sse4_2 x2apic popcnt tsc_deadline_timer aes xsave avx f16c rdrand lahf_lm epb tpr_shadow vnmi flexpriority ept vpid fsgsbase smep erms xsaveopt dtherm ida arat pln pts
bugs		:
bogomips	: 4988.47
clflush size	: 64
cache_alignment	: 64
address sizes	: 36 bits physical, 48 bits virtual
power management:



Memory: 4k page, physical 3738316k(95236k free), swap 999420k(0k free)

vm_info: OpenJDK 64-Bit Server VM (25.112-b06) for linux-amd64 JRE (1.8.0_112-release-b06), built on Dec  6 2016 12:11:18 by "builder" with gcc 4.8.4

time: Mon May 29 10:12:09 2017
elapsed time: 7 seconds (0d 0h 0m 7s)

