#
# There is insufficient memory for the Java Runtime Environment to continue.
# Native memory allocation (mmap) failed to map 29360128 bytes for committing reserved memory.
# Possible reasons:
#   The system is out of physical RAM or swap space
#   In 32 bit mode, the process size limit was hit
# Possible solutions:
#   Reduce memory load on the system
#   Increase physical memory or swap space
#   Check if swap backing store is full
#   Use 64 bit Java on a 64 bit OS
#   Decrease Java heap size (-Xmx/-Xms)
#   Decrease number of Java threads
#   Decrease Java thread stack sizes (-Xss)
#   Set larger code cache with -XX:ReservedCodeCacheSize=
# This output file may be truncated or incomplete.
#
#  Out of Memory Error (os_linux.cpp:2627), pid=14998, tid=0x00007f951c822700
#
# JRE version: OpenJDK Runtime Environment (8.0_112-b06) (build 1.8.0_112-release-b06)
# Java VM: OpenJDK 64-Bit Server VM (25.112-b06 mixed mode linux-amd64 compressed oops)
# Failed to write core dump. Core dumps have been disabled. To enable core dumping, try "ulimit -c unlimited" before starting Java again
#

---------------  T H R E A D  ---------------

Current thread (0x00007f9534077800):  VMThread [stack: 0x00007f951c722000,0x00007f951c823000] [id=15006]

Stack: [0x00007f951c722000,0x00007f951c823000],  sp=0x00007f951c8214c0,  free space=1021k
Native frames: (J=compiled Java code, j=interpreted, Vv=VM code, C=native code)
V  [libjvm.so+0x9e465d]  VMError::report_and_die()+0x15d
V  [libjvm.so+0x4b6ada]  report_vm_out_of_memory(char const*, int, unsigned long, VMErrorType, char const*)+0x8a
V  [libjvm.so+0x84c860]  os::pd_commit_memory(char*, unsigned long, unsigned long, bool)+0xf0
V  [libjvm.so+0x84737f]  os::commit_memory(char*, unsigned long, unsigned long, bool)+0x1f
V  [libjvm.so+0x8bd3db]  PSVirtualSpace::expand_by(unsigned long)+0x5b
V  [libjvm.so+0x8be050]  PSYoungGen::resize_generation(unsigned long, unsigned long)+0xb0
V  [libjvm.so+0x8be36b]  PSYoungGen::resize(unsigned long, unsigned long)+0x1b
V  [libjvm.so+0x8baa5c]  PSScavenge::invoke_no_policy()+0xdac
V  [libjvm.so+0x8bb238]  PSScavenge::invoke()+0x38
V  [libjvm.so+0x86fcf3]  ParallelScavengeHeap::failed_mem_allocate(unsigned long)+0x63
V  [libjvm.so+0x9e6124]  VM_ParallelGCFailedAllocation::doit()+0x84
V  [libjvm.so+0x9ea537]  VM_Operation::evaluate()+0x47
V  [libjvm.so+0x9e8ff8]  VMThread::evaluate_operation(VM_Operation*)+0x2c8
V  [libjvm.so+0x9e9479]  VMThread::loop()+0x219
V  [libjvm.so+0x9e98c2]  VMThread::run()+0x72
V  [libjvm.so+0x849c82]  java_start(Thread*)+0xf2

VM_Operation (0x00007f94fe38cda0): ParallelGCFailedAllocation, mode: safepoint, requested by thread 0x00007f94d8006800


---------------  P R O C E S S  ---------------

Java Threads: ( => current thread )
  0x00007f94d4dea000 JavaThread "process reaper" daemon [_thread_blocked, id=15024, stack(0x00007f94fd4d7000,0x00007f94fd510000)]
  0x00007f94d4027800 JavaThread "Stdin handler" [_thread_blocked, id=15022, stack(0x00007f94fe18a000,0x00007f94fe28b000)]
  0x00007f94d8006800 JavaThread "Daemon worker" [_thread_blocked, id=15019, stack(0x00007f94fe292000,0x00007f94fe393000)]
  0x00007f94d800b800 JavaThread "Cancel handler" [_thread_blocked, id=15018, stack(0x00007f94fe393000,0x00007f94fe494000)]
  0x00007f94d8003800 JavaThread "Handler for socket connection from /127.0.0.1:43803 to /127.0.0.1:42748" [_thread_in_native, id=15017, stack(0x00007f94fe494000,0x00007f94fe595000)]
  0x00007f94e404b800 JavaThread "Daemon" [_thread_blocked, id=15016, stack(0x00007f94fe595000,0x00007f94fe696000)]
  0x00007f9534ac3800 JavaThread "Incoming local TCP Connector on port 43803" [_thread_in_native, id=15015, stack(0x00007f94fe896000,0x00007f94fe997000)]
  0x00007f95340c8800 JavaThread "Service Thread" daemon [_thread_blocked, id=15013, stack(0x00007f94ffcfd000,0x00007f94ffdfe000)]
  0x00007f95340bd000 JavaThread "C1 CompilerThread2" daemon [_thread_blocked, id=15012, stack(0x00007f94ffdfe000,0x00007f94ffeff000)]
  0x00007f95340bb800 JavaThread "C2 CompilerThread1" daemon [_thread_blocked, id=15011, stack(0x00007f94f7eff000,0x00007f94f8000000)]
  0x00007f95340b8800 JavaThread "C2 CompilerThread0" daemon [_thread_blocked, id=15010, stack(0x00007f94ffeff000,0x00007f9500000000)]
  0x00007f95340b7000 JavaThread "Signal Dispatcher" daemon [_thread_blocked, id=15009, stack(0x00007f951c016000,0x00007f951c117000)]
  0x00007f9534083800 JavaThread "Finalizer" daemon [_thread_blocked, id=15008, stack(0x00007f951c520000,0x00007f951c621000)]
  0x00007f953407f000 JavaThread "Reference Handler" daemon [_thread_blocked, id=15007, stack(0x00007f951c621000,0x00007f951c722000)]
  0x00007f953400a000 JavaThread "main" [_thread_blocked, id=15001, stack(0x00007f953ad36000,0x00007f953ae37000)]

Other Threads:
=>0x00007f9534077800 VMThread [stack: 0x00007f951c722000,0x00007f951c823000] [id=15006]
  0x00007f95340cb000 WatcherThread [stack: 0x00007f94ffbfc000,0x00007f94ffcfd000] [id=15014]

VM state:at safepoint (normal execution)

VM Mutex/Monitor currently owned by a thread:  ([mutex/lock_event])
[0x00007f95340062d0] Threads_lock - owner thread: 0x00007f9534077800
[0x00007f95340067d0] Heap_lock - owner thread: 0x00007f94d8006800

Heap:
 PSYoungGen      total 68096K, used 6641K [0x00000000eab00000, 0x00000000ef400000, 0x0000000100000000)
  eden space 61440K, 0% used [0x00000000eab00000,0x00000000eab00000,0x00000000ee700000)
  from space 6656K, 99% used [0x00000000ee700000,0x00000000eed7c740,0x00000000eed80000)
  to   space 6144K, 0% used [0x00000000eee00000,0x00000000eee00000,0x00000000ef400000)
 ParOldGen       total 33280K, used 10264K [0x00000000c0000000, 0x00000000c2080000, 0x00000000eab00000)
  object space 33280K, 30% used [0x00000000c0000000,0x00000000c0a06390,0x00000000c2080000)
 Metaspace       used 25386K, capacity 25834K, committed 26112K, reserved 1071104K
  class space    used 3389K, capacity 3523K, committed 3584K, reserved 1048576K

Card table byte_map: [0x00007f9524823000,0x00007f9524a24000] byte_map_base: 0x00007f9524223000

Marking Bits: (ParMarkBitMap*) 0x00007f953a206340
 Begin Bits: [0x00007f951e000000, 0x00007f951f000000)
 End Bits:   [0x00007f951f000000, 0x00007f9520000000)

Polling page: 0x00007f953ae58000

CodeCache: size=245760Kb used=8373Kb max_used=8373Kb free=237386Kb
 bounds [0x00007f9524de4000, 0x00007f9525624000, 0x00007f9533de4000]
 total_blobs=2804 nmethods=2188 adapters=530
 compilation: enabled

Compilation events (10 events):
Event: 10,402 Thread 0x00007f95340bd000 2199       1       com.google.common.collect.MapMakerInternalMap$StrongEntry::getNext (5 bytes)
Event: 10,402 Thread 0x00007f95340bd000 nmethod 2199 0x00007f952560ff50 code [0x00007f95256100a0, 0x00007f95256101b0]
Event: 10,417 Thread 0x00007f95340bd000 2200       3       org.objectweb.asm.Type::getDescriptor (18 bytes)
Event: 10,417 Thread 0x00007f95340bd000 nmethod 2200 0x00007f952560f790 code [0x00007f952560f920, 0x00007f952560fd78]
Event: 10,417 Thread 0x00007f95340bd000 2201       3       org.objectweb.asm.MethodWriter::e (87 bytes)
Event: 10,418 Thread 0x00007f95340bd000 nmethod 2201 0x00007f952560eed0 code [0x00007f952560f080, 0x00007f952560f568]
Event: 10,418 Thread 0x00007f95340b8800 2202   !   4       java.util.regex.Pattern::matcher (44 bytes)
Event: 10,418 Thread 0x00007f95340bb800 2203       4       java.util.regex.Matcher::<init> (84 bytes)
Event: 10,418 Thread 0x00007f95340bd000 2205       3       org.objectweb.asm.ByteVector::putByteArray (49 bytes)
Event: 10,424 Thread 0x00007f95340bd000 nmethod 2205 0x00007f9525616610 code [0x00007f95256167a0, 0x00007f9525616ab8]

GC Heap History (10 events):
Event: 1,686 GC heap after
Heap after GC invocations=5 (full 0):
 PSYoungGen      total 17408K, used 2016K [0x00000000eab00000, 0x00000000ed600000, 0x0000000100000000)
  eden space 15360K, 0% used [0x00000000eab00000,0x00000000eab00000,0x00000000eba00000)
  from space 2048K, 98% used [0x00000000eba00000,0x00000000ebbf8020,0x00000000ebc00000)
  to   space 6656K, 0% used [0x00000000ecf80000,0x00000000ecf80000,0x00000000ed600000)
 ParOldGen       total 39936K, used 8291K [0x00000000c0000000, 0x00000000c2700000, 0x00000000eab00000)
  object space 39936K, 20% used [0x00000000c0000000,0x00000000c0818c08,0x00000000c2700000)
 Metaspace       used 15744K, capacity 16046K, committed 16256K, reserved 1062912K
  class space    used 2068K, capacity 2157K, committed 2176K, reserved 1048576K
}
Event: 1,918 GC heap before
{Heap before GC invocations=6 (full 0):
 PSYoungGen      total 17408K, used 17347K [0x00000000eab00000, 0x00000000ed600000, 0x0000000100000000)
  eden space 15360K, 99% used [0x00000000eab00000,0x00000000eb9f8e08,0x00000000eba00000)
  from space 2048K, 98% used [0x00000000eba00000,0x00000000ebbf8020,0x00000000ebc00000)
  to   space 6656K, 0% used [0x00000000ecf80000,0x00000000ecf80000,0x00000000ed600000)
 ParOldGen       total 39936K, used 8291K [0x00000000c0000000, 0x00000000c2700000, 0x00000000eab00000)
  object space 39936K, 20% used [0x00000000c0000000,0x00000000c0818c08,0x00000000c2700000)
 Metaspace       used 17570K, capacity 17926K, committed 18176K, reserved 1064960K
  class space    used 2371K, capacity 2481K, committed 2560K, reserved 1048576K
Event: 1,927 GC heap after
Heap after GC invocations=6 (full 0):
 PSYoungGen      total 36352K, used 4202K [0x00000000eab00000, 0x00000000ed500000, 0x0000000100000000)
  eden space 30720K, 0% used [0x00000000eab00000,0x00000000eab00000,0x00000000ec900000)
  from space 5632K, 74% used [0x00000000ecf80000,0x00000000ed39aab8,0x00000000ed500000)
  to   space 6144K, 0% used [0x00000000ec900000,0x00000000ec900000,0x00000000ecf00000)
 ParOldGen       total 39936K, used 8299K [0x00000000c0000000, 0x00000000c2700000, 0x00000000eab00000)
  object space 39936K, 20% used [0x00000000c0000000,0x00000000c081ac08,0x00000000c2700000)
 Metaspace       used 17570K, capacity 17926K, committed 18176K, reserved 1064960K
  class space    used 2371K, capacity 2481K, committed 2560K, reserved 1048576K
}
Event: 2,807 GC heap before
{Heap before GC invocations=7 (full 0):
 PSYoungGen      total 36352K, used 34922K [0x00000000eab00000, 0x00000000ed500000, 0x0000000100000000)
  eden space 30720K, 100% used [0x00000000eab00000,0x00000000ec900000,0x00000000ec900000)
  from space 5632K, 74% used [0x00000000ecf80000,0x00000000ed39aab8,0x00000000ed500000)
  to   space 6144K, 0% used [0x00000000ec900000,0x00000000ec900000,0x00000000ecf00000)
 ParOldGen       total 39936K, used 8299K [0x00000000c0000000, 0x00000000c2700000, 0x00000000eab00000)
  object space 39936K, 20% used [0x00000000c0000000,0x00000000c081ac08,0x00000000c2700000)
 Metaspace       used 20687K, capacity 21046K, committed 21248K, reserved 1067008K
  class space    used 2708K, capacity 2815K, committed 2816K, reserved 1048576K
Event: 2,820 GC heap after
Heap after GC invocations=7 (full 0):
 PSYoungGen      total 36864K, used 5745K [0x00000000eab00000, 0x00000000ef500000, 0x0000000100000000)
  eden space 30720K, 0% used [0x00000000eab00000,0x00000000eab00000,0x00000000ec900000)
  from space 6144K, 93% used [0x00000000ec900000,0x00000000ece9c7d0,0x00000000ecf00000)
  to   space 7168K, 0% used [0x00000000eee00000,0x00000000eee00000,0x00000000ef500000)
 ParOldGen       total 39936K, used 8643K [0x00000000c0000000, 0x00000000c2700000, 0x00000000eab00000)
  object space 39936K, 21% used [0x00000000c0000000,0x00000000c0870c08,0x00000000c2700000)
 Metaspace       used 20687K, capacity 21046K, committed 21248K, reserved 1067008K
  class space    used 2708K, capacity 2815K, committed 2816K, reserved 1048576K
}
Event: 2,845 GC heap before
{Heap before GC invocations=8 (full 0):
 PSYoungGen      total 36864K, used 9815K [0x00000000eab00000, 0x00000000ef500000, 0x0000000100000000)
  eden space 30720K, 13% used [0x00000000eab00000,0x00000000eaef97d0,0x00000000ec900000)
  from space 6144K, 93% used [0x00000000ec900000,0x00000000ece9c7d0,0x00000000ecf00000)
  to   space 7168K, 0% used [0x00000000eee00000,0x00000000eee00000,0x00000000ef500000)
 ParOldGen       total 39936K, used 8643K [0x00000000c0000000, 0x00000000c2700000, 0x00000000eab00000)
  object space 39936K, 21% used [0x00000000c0000000,0x00000000c0870c08,0x00000000c2700000)
 Metaspace       used 20852K, capacity 21174K, committed 21248K, reserved 1067008K
  class space    used 2711K, capacity 2815K, committed 2816K, reserved 1048576K
Event: 2,860 GC heap after
Heap after GC invocations=8 (full 0):
 PSYoungGen      total 67584K, used 4102K [0x00000000eab00000, 0x00000000ef400000, 0x0000000100000000)
  eden space 61440K, 0% used [0x00000000eab00000,0x00000000eab00000,0x00000000ee700000)
  from space 6144K, 66% used [0x00000000eee00000,0x00000000ef201be0,0x00000000ef400000)
  to   space 6656K, 0% used [0x00000000ee700000,0x00000000ee700000,0x00000000eed80000)
 ParOldGen       total 39936K, used 9403K [0x00000000c0000000, 0x00000000c2700000, 0x00000000eab00000)
  object space 39936K, 23% used [0x00000000c0000000,0x00000000c092ec48,0x00000000c2700000)
 Metaspace       used 20852K, capacity 21174K, committed 21248K, reserved 1067008K
  class space    used 2711K, capacity 2815K, committed 2816K, reserved 1048576K
}
Event: 2,860 GC heap before
{Heap before GC invocations=9 (full 1):
 PSYoungGen      total 67584K, used 4102K [0x00000000eab00000, 0x00000000ef400000, 0x0000000100000000)
  eden space 61440K, 0% used [0x00000000eab00000,0x00000000eab00000,0x00000000ee700000)
  from space 6144K, 66% used [0x00000000eee00000,0x00000000ef201be0,0x00000000ef400000)
  to   space 6656K, 0% used [0x00000000ee700000,0x00000000ee700000,0x00000000eed80000)
 ParOldGen       total 39936K, used 9403K [0x00000000c0000000, 0x00000000c2700000, 0x00000000eab00000)
  object space 39936K, 23% used [0x00000000c0000000,0x00000000c092ec48,0x00000000c2700000)
 Metaspace       used 20852K, capacity 21174K, committed 21248K, reserved 1067008K
  class space    used 2711K, capacity 2815K, committed 2816K, reserved 1048576K
Event: 2,964 GC heap after
Heap after GC invocations=9 (full 1):
 PSYoungGen      total 67584K, used 0K [0x00000000eab00000, 0x00000000ef400000, 0x0000000100000000)
  eden space 61440K, 0% used [0x00000000eab00000,0x00000000eab00000,0x00000000ee700000)
  from space 6144K, 0% used [0x00000000eee00000,0x00000000eee00000,0x00000000ef400000)
  to   space 6656K, 0% used [0x00000000ee700000,0x00000000ee700000,0x00000000eed80000)
 ParOldGen       total 33280K, used 9680K [0x00000000c0000000, 0x00000000c2080000, 0x00000000eab00000)
  object space 33280K, 29% used [0x00000000c0000000,0x00000000c09743d8,0x00000000c2080000)
 Metaspace       used 20826K, capacity 21086K, committed 21248K, reserved 1067008K
  class space    used 2704K, capacity 2807K, committed 2816K, reserved 1048576K
}
Event: 10,457 GC heap before
{Heap before GC invocations=10 (full 1):
 PSYoungGen      total 67584K, used 61440K [0x00000000eab00000, 0x00000000ef400000, 0x0000000100000000)
  eden space 61440K, 100% used [0x00000000eab00000,0x00000000ee700000,0x00000000ee700000)
  from space 6144K, 0% used [0x00000000eee00000,0x00000000eee00000,0x00000000ef400000)
  to   space 6656K, 0% used [0x00000000ee700000,0x00000000ee700000,0x00000000eed80000)
 ParOldGen       total 33280K, used 9680K [0x00000000c0000000, 0x00000000c2080000, 0x00000000eab00000)
  object space 33280K, 29% used [0x00000000c0000000,0x00000000c09743d8,0x00000000c2080000)
 Metaspace       used 25386K, capacity 25834K, committed 26112K, reserved 1071104K
  class space    used 3389K, capacity 3523K, committed 3584K, reserved 1048576K

Deoptimization events (10 events):
Event: 2,797 Thread 0x00007f94d8006800 Uncommon trap: reason=class_check action=maybe_recompile pc=0x00007f952517e624 method=sun.misc.URLClassPath.getLoader(I)Lsun/misc/URLClassPath$Loader; @ 193
Event: 3,259 Thread 0x00007f94d8006800 Uncommon trap: reason=class_check action=maybe_recompile pc=0x00007f952519d468 method=sun.misc.URLClassPath.getLoader(I)Lsun/misc/URLClassPath$Loader; @ 94
Event: 3,712 Thread 0x00007f94d8006800 Uncommon trap: reason=unstable_if action=reinterpret pc=0x00007f9525203120 method=java.util.HashMap.hash(Ljava/lang/Object;)I @ 1
Event: 4,452 Thread 0x00007f94d8006800 Uncommon trap: reason=unstable_if action=reinterpret pc=0x00007f952547cacc method=java.net.URLClassLoader.isSealed(Ljava/lang/String;Ljava/util/jar/Manifest;)Z @ 26
Event: 4,459 Thread 0x00007f94d8006800 Uncommon trap: reason=unstable_if action=reinterpret pc=0x00007f95254c1b38 method=java.net.URLClassLoader.isSealed(Ljava/lang/String;Ljava/util/jar/Manifest;)Z @ 26
Event: 4,484 Thread 0x00007f94d8006800 Uncommon trap: reason=unstable_if action=reinterpret pc=0x00007f95254369cc method=java.lang.Class$MethodArray.addIfNotPresent(Ljava/lang/reflect/Method;)V @ 19
Event: 5,196 Thread 0x00007f94d8006800 Uncommon trap: reason=unstable_if action=reinterpret pc=0x00007f9524ff31b4 method=java.io.UnixFileSystem.resolve(Ljava/lang/String;Ljava/lang/String;)Ljava/lang/String; @ 18
Event: 5,295 Thread 0x00007f94d8006800 Uncommon trap: reason=class_check action=maybe_recompile pc=0x00007f9525535e44 method=org.codehaus.groovy.runtime.metaclass.MetaMethodIndex.addMethodToList(Ljava/lang/Object;Lgroovy/lang/MetaMethod;)Ljava/lang/Object; @ 218
Event: 5,301 Thread 0x00007f94d8006800 Uncommon trap: reason=class_check action=maybe_recompile pc=0x00007f9525535e44 method=org.codehaus.groovy.runtime.metaclass.MetaMethodIndex.addMethodToList(Ljava/lang/Object;Lgroovy/lang/MetaMethod;)Ljava/lang/Object; @ 218
Event: 5,301 Thread 0x00007f94d8006800 Uncommon trap: reason=class_check action=maybe_recompile pc=0x00007f9525535e44 method=org.codehaus.groovy.runtime.metaclass.MetaMethodIndex.addMethodToList(Ljava/lang/Object;Lgroovy/lang/MetaMethod;)Ljava/lang/Object; @ 218

Internal exceptions (10 events):
Event: 5,720 Thread 0x00007f94d8006800 Exception <a 'java/lang/ClassNotFoundException': org/gradle/api/internal/project/ProjectScriptCustomizer> (0x00000000edbc23d8) thrown at [/ssd/Android/AOSP-openjdk/external/jetbrains/jdk/hotspot/src/share/vm/classfile/systemDictionary.cpp, line 210]
Event: 5,723 Thread 0x00007f94d8006800 Exception <a 'java/lang/ClassNotFoundException': build_81br1e5fd5ojrsldkirra3gncCustomizer> (0x00000000edbdf1f8) thrown at [/ssd/Android/AOSP-openjdk/external/jetbrains/jdk/hotspot/src/share/vm/classfile/systemDictionary.cpp, line 210]
Event: 10,391 Thread 0x00007f94d8006800 Exception <a 'java/lang/ClassNotFoundException': org/gradle/api/internal/artifacts/dsl/dependencies/DefaultDependencyHandler_DecoratedBeanInfo> (0x00000000ee510090) thrown at [/ssd/Android/AOSP-openjdk/external/jetbrains/jdk/hotspot/src/share/vm/classfile
Event: 10,393 Thread 0x00007f94d8006800 Exception <a 'java/lang/ClassNotFoundException': org/gradle/api/internal/artifacts/dsl/dependencies/DefaultDependencyHandlerBeanInfo> (0x00000000ee539070) thrown at [/ssd/Android/AOSP-openjdk/external/jetbrains/jdk/hotspot/src/share/vm/classfile/systemDic
Event: 10,393 Thread 0x00007f94d8006800 Exception <a 'java/lang/ClassNotFoundException': org/gradle/api/internal/artifacts/dsl/dependencies/DefaultDependencyHandlerCustomizer> (0x00000000ee562758) thrown at [/ssd/Android/AOSP-openjdk/external/jetbrains/jdk/hotspot/src/share/vm/classfile/systemD
Event: 10,395 Thread 0x00007f94d8006800 Exception <a 'java/lang/ClassNotFoundException': org/gradle/api/internal/artifacts/dsl/dependencies/DefaultDependencyHandler_DecoratedCustomizer> (0x00000000ee59f898) thrown at [/ssd/Android/AOSP-openjdk/external/jetbrains/jdk/hotspot/src/share/vm/classfi
Event: 10,398 Thread 0x00007f94d8006800 Exception <a 'java/lang/ClassNotFoundException': org/gradle/api/artifacts/dsl/DependencyHandlerBeanInfo> (0x00000000ee5f8800) thrown at [/ssd/Android/AOSP-openjdk/external/jetbrains/jdk/hotspot/src/share/vm/classfile/systemDictionary.cpp, line 210]
Event: 10,399 Thread 0x00007f94d8006800 Exception <a 'java/lang/ClassNotFoundException': org/gradle/api/artifacts/dsl/DependencyHandlerCustomizer> (0x00000000ee617e98) thrown at [/ssd/Android/AOSP-openjdk/external/jetbrains/jdk/hotspot/src/share/vm/classfile/systemDictionary.cpp, line 210]
Event: 10,401 Thread 0x00007f94d8006800 Exception <a 'java/lang/ClassNotFoundException': org/gradle/api/internal/IConventionAwareBeanInfo> (0x00000000ee64e088) thrown at [/ssd/Android/AOSP-openjdk/external/jetbrains/jdk/hotspot/src/share/vm/classfile/systemDictionary.cpp, line 210]
Event: 10,402 Thread 0x00007f94d8006800 Exception <a 'java/lang/ClassNotFoundException': org/gradle/api/internal/IConventionAwareCustomizer> (0x00000000ee66adc0) thrown at [/ssd/Android/AOSP-openjdk/external/jetbrains/jdk/hotspot/src/share/vm/classfile/systemDictionary.cpp, line 210]

Events (10 events):
Event: 10,427 loading class org/gradle/api/internal/artifacts/configurations/DefaultConfiguration$ConfigurationFileCollection done
Event: 10,434 loading class org/gradle/internal/Transformers
Event: 10,434 loading class org/gradle/internal/Transformers done
Event: 10,437 loading class org/gradle/internal/Transformers$CastingTransformer
Event: 10,437 loading class org/gradle/internal/Transformers$CastingTransformer done
Event: 10,439 loading class org/gradle/api/internal/artifacts/ivyservice/resolveengine/store/ResolutionResultsStoreFactory$1
Event: 10,439 loading class org/gradle/api/internal/artifacts/ivyservice/resolveengine/store/ResolutionResultsStoreFactory$1 done
Event: 10,441 loading class org/gradle/api/internal/cache/BinaryStore
Event: 10,441 loading class org/gradle/api/internal/cache/BinaryStore done
Event: 10,449 Executing VM operation: ParallelGCFailedAllocation


Dynamic libraries:
00400000-00401000 r-xp 00000000 08:02 131385                             /home/m/android-studio/jre/bin/java
00600000-00601000 r--p 00000000 08:02 131385                             /home/m/android-studio/jre/bin/java
00601000-00602000 rw-p 00001000 08:02 131385                             /home/m/android-studio/jre/bin/java
00a96000-00ab7000 rw-p 00000000 00:00 0                                  [heap]
c0000000-c2080000 rw-p 00000000 00:00 0 
c2080000-eab00000 ---p 00000000 00:00 0 
eab00000-ef400000 rw-p 00000000 00:00 0 
f1000000-100000000 ---p 00000000 00:00 0 
100000000-100380000 rw-p 00000000 00:00 0 
100380000-140000000 ---p 00000000 00:00 0 
7f94c8000000-7f94c8021000 rw-p 00000000 00:00 0 
7f94c8021000-7f94cc000000 ---p 00000000 00:00 0 
7f94cc000000-7f94cc021000 rw-p 00000000 00:00 0 
7f94cc021000-7f94d0000000 ---p 00000000 00:00 0 
7f94d0000000-7f94d0021000 rw-p 00000000 00:00 0 
7f94d0021000-7f94d4000000 ---p 00000000 00:00 0 
7f94d4000000-7f94d4ecd000 rw-p 00000000 00:00 0 
7f94d4ecd000-7f94d8000000 ---p 00000000 00:00 0 
7f94d8000000-7f94d828b000 rw-p 00000000 00:00 0 
7f94d828b000-7f94dc000000 ---p 00000000 00:00 0 
7f94dc000000-7f94dc021000 rw-p 00000000 00:00 0 
7f94dc021000-7f94e0000000 ---p 00000000 00:00 0 
7f94e0000000-7f94e0021000 rw-p 00000000 00:00 0 
7f94e0021000-7f94e4000000 ---p 00000000 00:00 0 
7f94e4000000-7f94e4084000 rw-p 00000000 00:00 0 
7f94e4084000-7f94e8000000 ---p 00000000 00:00 0 
7f94e8000000-7f94e89cc000 rw-p 00000000 00:00 0 
7f94e89cc000-7f94ec000000 ---p 00000000 00:00 0 
7f94ec000000-7f94ec021000 rw-p 00000000 00:00 0 
7f94ec021000-7f94f0000000 ---p 00000000 00:00 0 
7f94f0000000-7f94f18e6000 rw-p 00000000 00:00 0 
7f94f18e6000-7f94f4000000 ---p 00000000 00:00 0 
7f94f7eff000-7f94f7f02000 ---p 00000000 00:00 0 
7f94f7f02000-7f94f8000000 rw-p 00000000 00:00 0 
7f94f8000000-7f94f9a8a000 rw-p 00000000 00:00 0 
7f94f9a8a000-7f94fc000000 ---p 00000000 00:00 0 
7f94fd4d7000-7f94fd4da000 ---p 00000000 00:00 0 
7f94fd4da000-7f94fd510000 rw-p 00000000 00:00 0 
7f94fd510000-7f94fd511000 r--p 00000000 00:00 0 
7f94fd511000-7f94fd711000 rw-p 00000000 00:00 0 
7f94fd711000-7f94fd911000 rw-p 00000000 00:00 0 
7f94fd911000-7f94fdb11000 rw-p 00000000 00:00 0 
7f94fdb11000-7f94fdd11000 rw-p 00000000 00:00 0 
7f94fdd11000-7f94fdf11000 rw-p 00000000 00:00 0 
7f94fdf11000-7f94fe111000 rw-p 00000000 00:00 0 
7f94fe111000-7f94fe18a000 r--s 010ed000 08:02 131350                     /home/m/android-studio/jre/lib/tools.jar
7f94fe18a000-7f94fe18d000 ---p 00000000 00:00 0 
7f94fe18d000-7f94fe28b000 rw-p 00000000 00:00 0 
7f94fe28b000-7f94fe292000 r--s 00000000 08:02 2889305                    /usr/lib/x86_64-linux-gnu/gconv/gconv-modules.cache
7f94fe292000-7f94fe295000 ---p 00000000 00:00 0 
7f94fe295000-7f94fe393000 rw-p 00000000 00:00 0 
7f94fe393000-7f94fe396000 ---p 00000000 00:00 0 
7f94fe396000-7f94fe494000 rw-p 00000000 00:00 0 
7f94fe494000-7f94fe497000 ---p 00000000 00:00 0 
7f94fe497000-7f94fe595000 rw-p 00000000 00:00 0 
7f94fe595000-7f94fe598000 ---p 00000000 00:00 0 
7f94fe598000-7f94fe896000 rw-p 00000000 00:00 0 
7f94fe896000-7f94fe899000 ---p 00000000 00:00 0 
7f94fe899000-7f94fe997000 rw-p 00000000 00:00 0 
7f94fe997000-7f94fe99c000 r--s 00098000 08:02 131460                     /home/m/android-studio/jre/jre/lib/jsse.jar
7f94fe99c000-7f94fe99e000 r--s 00005000 08:02 3019712                    /home/m/.gradle/wrapper/dists/gradle-2.8-all/ah86jmo43de9lfa8xg9ux3c4h/gradle-2.8/lib/plugins/gradle-tooling-api-builders-2.8.jar
7f94fe99e000-7f94fe9ae000 r--s 00088000 08:02 3019744                    /home/m/.gradle/wrapper/dists/gradle-2.8-all/ah86jmo43de9lfa8xg9ux3c4h/gradle-2.8/lib/plugins/joda-time-2.8.2.jar
7f94fe9ae000-7f94fe9bf000 r--s 000cf000 08:02 3019743                    /home/m/.gradle/wrapper/dists/gradle-2.8-all/ah86jmo43de9lfa8xg9ux3c4h/gradle-2.8/lib/plugins/jackson-databind-2.3.2.jar
7f94fe9bf000-7f94fe9c1000 r--s 00007000 08:02 3019742                    /home/m/.gradle/wrapper/dists/gradle-2.8-all/ah86jmo43de9lfa8xg9ux3c4h/gradle-2.8/lib/plugins/jackson-annotations-2.3.2.jar
7f94fe9c1000-7f94fe9c4000 r--s 0002e000 08:02 3019741                    /home/m/.gradle/wrapper/dists/gradle-2.8-all/ah86jmo43de9lfa8xg9ux3c4h/gradle-2.8/lib/plugins/jackson-core-2.3.2.jar
7f94fe9c4000-7f94fe9cf000 r--s 0006b000 08:02 3019740                    /home/m/.gradle/wrapper/dists/gradle-2.8-all/ah86jmo43de9lfa8xg9ux3c4h/gradle-2.8/lib/plugins/aws-java-sdk-core-1.9.19.jar
7f94fe9cf000-7f94fe9d5000 r--s 00036000 08:02 3019739                    /home/m/.gradle/wrapper/dists/gradle-2.8-all/ah86jmo43de9lfa8xg9ux3c4h/gradle-2.8/lib/plugins/aws-java-sdk-kms-1.9.19.jar
7f94fe9d5000-7f94fe9e0000 r--s 00079000 08:02 3019738                    /home/m/.gradle/wrapper/dists/gradle-2.8-all/ah86jmo43de9lfa8xg9ux3c4h/gradle-2.8/lib/plugins/aws-java-sdk-s3-1.9.19.jar
7f94fe9e0000-7f94fe9e1000 r--s 00003000 08:02 3019711                    /home/m/.gradle/wrapper/dists/gradle-2.8-all/ah86jmo43de9lfa8xg9ux3c4h/gradle-2.8/lib/plugins/gradle-resources-s3-2.8.jar
7f94fe9e1000-7f94fe9e2000 r--s 00004000 08:02 3019710                    /home/m/.gradle/wrapper/dists/gradle-2.8-all/ah86jmo43de9lfa8xg9ux3c4h/gradle-2.8/lib/plugins/gradle-resources-sftp-2.8.jar
7f94fe9e2000-7f94fe9e3000 r--s 00001000 08:02 3019707                    /home/m/.gradle/wrapper/dists/gradle-2.8-all/ah86jmo43de9lfa8xg9ux3c4h/gradle-2.8/lib/plugins/gradle-plugin-development-2.8.jar
7f94fe9e3000-7f94fe9e5000 r--s 00005000 08:02 3019706                    /home/m/.gradle/wrapper/dists/gradle-2.8-all/ah86jmo43de9lfa8xg9ux3c4h/gradle-2.8/lib/plugins/gradle-testing-native-2.8.jar
7f94fe9e5000-7f94fe9ea000 r--s 0002b000 08:02 3019705                    /home/m/.gradle/wrapper/dists/gradle-2.8-all/ah86jmo43de9lfa8xg9ux3c4h/gradle-2.8/lib/plugins/gradle-ide-native-2.8.jar
7f94fe9ea000-7f94fe9f0000 r--s 00019000 08:02 3019704                    /home/m/.gradle/wrapper/dists/gradle-2.8-all/ah86jmo43de9lfa8xg9ux3c4h/gradle-2.8/lib/plugins/gradle-language-native-2.8.jar
7f94fe9f0000-7f94fe9f5000 r--s 00028000 08:02 3019703                    /home/m/.gradle/wrapper/dists/gradle-2.8-all/ah86jmo43de9lfa8xg9ux3c4h/gradle-2.8/lib/plugins/gradle-platform-play-2.8.jar
7f94fe9f5000-7f94fea02000 r--s 0004f000 08:02 3019702                    /home/m/.gradle/wrapper/dists/gradle-2.8-all/ah86jmo43de9lfa8xg9ux3c4h/gradle-2.8/lib/plugins/gradle-platform-native-2.8.jar
7f94fea02000-7f94fea05000 r--s 00008000 08:02 3019701                    /home/m/.gradle/wrapper/dists/gradle-2.8-all/ah86jmo43de9lfa8xg9ux3c4h/gradle-2.8/lib/plugins/gradle-language-scala-2.8.jar
7f94fea05000-7f94fea08000 r--s 00009000 08:02 3019700                    /home/m/.gradle/wrapper/dists/gradle-2.8-all/ah86jmo43de9lfa8xg9ux3c4h/gradle-2.8/lib/plugins/gradle-language-groovy-2.8.jar
7f94fea08000-7f94fea0e000 r--s 00023000 08:02 3019699                    /home/m/.gradle/wrapper/dists/gradle-2.8-all/ah86jmo43de9lfa8xg9ux3c4h/gradle-2.8/lib/plugins/gradle-language-java-2.8.jar
7f94fea0e000-7f94fea10000 r--s 00008000 08:02 3019698                    /home/m/.gradle/wrapper/dists/gradle-2.8-all/ah86jmo43de9lfa8xg9ux3c4h/gradle-2.8/lib/plugins/gradle-language-jvm-2.8.jar
7f94fea10000-7f94fea13000 r--s 0000d000 08:02 3019697                    /home/m/.gradle/wrapper/dists/gradle-2.8-all/ah86jmo43de9lfa8xg9ux3c4h/gradle-2.8/lib/plugins/gradle-platform-jvm-2.8.jar
7f94fea13000-7f94fea1b000 r--s 0002c000 08:02 3019696                    /home/m/.gradle/wrapper/dists/gradle-2.8-all/ah86jmo43de9lfa8xg9ux3c4h/gradle-2.8/lib/plugins/gradle-platform-base-2.8.jar
7f94fea1b000-7f94fea1f000 r--s 00020000 08:02 3019695                    /home/m/.gradle/wrapper/dists/gradle-2.8-all/ah86jmo43de9lfa8xg9ux3c4h/gradle-2.8/lib/plugins/gradle-build-init-2.8.jar
7f94fea1f000-7f94fea22000 r--s 00017000 08:02 3019694                    /home/m/.gradle/wrapper/dists/gradle-2.8-all/ah86jmo43de9lfa8xg9ux3c4h/gradle-2.8/lib/plugins/gradle-jacoco-2.8.jar
7f94fea22000-7f94fea25000 r--s 0000e000 08:02 3019693                    /home/m/.gradle/wrapper/dists/gradle-2.8-all/ah86jmo43de9lfa8xg9ux3c4h/gradle-2.8/lib/plugins/gradle-ivy-2.8.jar
7f94fea25000-7f94fea27000 r--s 00002000 08:02 3019692                    /home/m/.gradle/wrapper/dists/gradle-2.8-all/ah86jmo43de9lfa8xg9ux3c4h/gradle-2.8/lib/plugins/gradle-publish-2.8.jar
7f94fea27000-7f94fea29000 r--s 00005000 08:02 3019734                    /home/m/.gradle/wrapper/dists/gradle-2.8-all/ah86jmo43de9lfa8xg9ux3c4h/gradle-2.8/lib/plugins/jatl-0.2.2.jar
7f94fea29000-7f94fea2b000 r--s 0000f000 08:02 3019691                    /home/m/.gradle/wrapper/dists/gradle-2.8-all/ah86jmo43de9lfa8xg9ux3c4h/gradle-2.8/lib/plugins/gradle-reporting-2.8.jar
7f94fea2b000-7f94fea30000 r--s 00035000 08:02 3019690                    /home/m/.gradle/wrapper/dists/gradle-2.8-all/ah86jmo43de9lfa8xg9ux3c4h/gradle-2.8/lib/plugins/gradle-diagnostics-2.8.jar
7f94fea30000-7f94fea37000 r--s 0008f000 08:02 3019689                    /home/m/.gradle/wrapper/dists/gradle-2.8-all/ah86jmo43de9lfa8xg9ux3c4h/gradle-2.8/lib/plugins/gradle-build-comparison-2.8.jar
7f94fea37000-7f94fea3e000 r--s 00035000 08:02 3019733                    /home/m/.gradle/wrapper/dists/gradle-2.8-all/ah86jmo43de9lfa8xg9ux3c4h/gradle-2.8/lib/plugins/simple-4.1.21.jar
7f94fea3e000-7f94fea4a000 r--s 00100000 08:02 3019731                    /home/m/.gradle/wrapper/dists/gradle-2.8-all/ah86jmo43de9lfa8xg9ux3c4h/gradle-2.8/lib/plugins/rhino-1.7R3.jar
7f94fea4a000-7f94fea4e000 r--s 0001c000 08:02 3019688                    /home/m/.gradle/wrapper/dists/gradle-2.8-all/ah86jmo43de9lfa8xg9ux3c4h/gradle-2.8/lib/plugins/gradle-javascript-2.8.jar
7f94fea4e000-7f94fea50000 r--s 0000b000 08:02 3019687                    /home/m/.gradle/wrapper/dists/gradle-2.8-all/ah86jmo43de9lfa8xg9ux3c4h/gradle-2.8/lib/plugins/gradle-ear-2.8.jar
7f94fea50000-7f94fea57000 r--s 00038000 08:02 3019730                    /home/m/.gradle/wrapper/dists/gradle-2.8-all/ah86jmo43de9lfa8xg9ux3c4h/gradle-2.8/lib/plugins/bcpg-jdk15on-1.51.jar
7f94fea57000-7f94fea59000 r--s 00017000 08:02 3019686                    /home/m/.gradle/wrapper/dists/gradle-2.8-all/ah86jmo43de9lfa8xg9ux3c4h/gradle-2.8/lib/plugins/gradle-signing-2.8.jar
7f94fea59000-7f94fea5a000 r--s 00002000 08:02 3019729                    /home/m/.gradle/wrapper/dists/gradle-2.8-all/ah86jmo43de9lfa8xg9ux3c4h/gradle-2.8/lib/plugins/sonar-batch-bootstrapper-2.9.jar
7f94fea5a000-7f94fea5d000 r--s 00015000 08:02 3019685                    /home/m/.gradle/wrapper/dists/gradle-2.8-all/ah86jmo43de9lfa8xg9ux3c4h/gradle-2.8/lib/plugins/gradle-sonar-2.8.jar
7f94fea5d000-7f94fea60000 r--s 00010000 08:02 3019684                    /home/m/.gradle/wrapper/dists/gradle-2.8-all/ah86jmo43de9lfa8xg9ux3c4h/gradle-2.8/lib/plugins/gradle-scala-2.8.jar
7f94fea60000-7f94fea62000 r--s 0000a000 08:02 3019683                    /home/m/.gradle/wrapper/dists/gradle-2.8-all/ah86jmo43de9lfa8xg9ux3c4h/gradle-2.8/lib/plugins/gradle-announce-2.8.jar
7f94fea62000-7f94fea70000 r--s 0009f000 08:02 3019682                    /home/m/.gradle/wrapper/dists/gradle-2.8-all/ah86jmo43de9lfa8xg9ux3c4h/gradle-2.8/lib/plugins/gradle-ide-2.8.jar
7f94fea70000-7f94fea73000 r--s 0000c000 08:02 3019728                    /home/m/.gradle/wrapper/dists/gradle-2.8-all/ah86jmo43de9lfa8xg9ux3c4h/gradle-2.8/lib/plugins/pmaven-groovy-0.8-20100325.jar
7f94fea73000-7f94fea74000 r--s 00004000 08:02 3019727                    /home/m/.gradle/wrapper/dists/gradle-2.8-all/ah86jmo43de9lfa8xg9ux3c4h/gradle-2.8/lib/plugins/pmaven-common-0.8-20100325.jar
7f94fea74000-7f94fea7a000 r--s 00022000 08:02 3019681                    /home/m/.gradle/wrapper/dists/gradle-2.8-all/ah86jmo43de9lfa8xg9ux3c4h/gradle-2.8/lib/plugins/gradle-maven-2.8.jar
7f94fea7a000-7f94fea9b000 r--s 001c3000 08:02 3019725                    /home/m/.gradle/wrapper/dists/gradle-2.8-all/ah86jmo43de9lfa8xg9ux3c4h/gradle-2.8/lib/plugins/bndlib-2.4.0.jar
7f94fea9b000-7f94fea9d000 r--s 00004000 08:02 3019680                    /home/m/.gradle/wrapper/dists/gradle-2.8-all/ah86jmo43de9lfa8xg9ux3c4h/gradle-2.8/lib/plugins/gradle-osgi-2.8.jar
7f94fea9d000-7f94fea9f000 r--s 00008000 08:02 3019679                    /home/m/.gradle/wrapper/dists/gradle-2.8-all/ah86jmo43de9lfa8xg9ux3c4h/gradle-2.8/lib/plugins/gradle-antlr-2.8.jar
7f94fea9f000-7f94feaa2000 r--s 0001e000 08:02 3019753                    /home/m/.gradle/wrapper/dists/gradle-2.8-all/ah86jmo43de9lfa8xg9ux3c4h/gradle-2.8/lib/plugins/jsp-api-2.1-6.1.14.jar
7f94feaa2000-7f94feac5000 r--s 00344000 08:02 3019752                    /home/m/.gradle/wrapper/dists/gradle-2.8-all/ah86jmo43de9lfa8xg9ux3c4h/gradle-2.8/lib/plugins/core-3.1.1.jar
7f94feac5000-7f94feac6000 r--s 00006000 08:02 3019751                    /home/m/.gradle/wrapper/dists/gradle-2.8-all/ah86jmo43de9lfa8xg9ux3c4h/gradle-2.8/lib/plugins/jetty-naming-6.1.25.jar
7f94feac6000-7f94feac7000 r--s 00002000 08:02 3019724                    /home/m/.gradle/wrapper/dists/gradle-2.8-all/ah86jmo43de9lfa8xg9ux3c4h/gradle-2.8/lib/plugins/geronimo-annotation_1.0_spec-1.0.jar
7f94feac7000-7f94feac9000 r--s 00002000 08:02 3019723                    /home/m/.gradle/wrapper/dists/gradle-2.8-all/ah86jmo43de9lfa8xg9ux3c4h/gradle-2.8/lib/plugins/jetty-annotations-6.1.25.jar
7f94feac9000-7f94feada000 r--s 000ea000 08:02 3019722                    /home/m/.gradle/wrapper/dists/gradle-2.8-all/ah86jmo43de9lfa8xg9ux3c4h/gradle-2.8/lib/plugins/jsp-2.1-6.1.14.jar
7f94feada000-7f94feadc000 r--s 0000d000 08:02 3019721                    /home/m/.gradle/wrapper/dists/gradle-2.8-all/ah86jmo43de9lfa8xg9ux3c4h/gradle-2.8/lib/plugins/jetty-plus-6.1.25.jar
7f94feadc000-7f94feade000 r--s 0001f000 08:02 3019720                    /home/m/.gradle/wrapper/dists/gradle-2.8-all/ah86jmo43de9lfa8xg9ux3c4h/gradle-2.8/lib/plugins/servlet-api-2.5-20081211.jar
7f94feade000-7f94feae2000 r--s 00028000 08:02 3019719                    /home/m/.gradle/wrapper/dists/gradle-2.8-all/ah86jmo43de9lfa8xg9ux3c4h/gradle-2.8/lib/plugins/jetty-util-6.1.25.jar
7f94feae2000-7f94feae9000 r--s 0007d000 08:02 3019718                    /home/m/.gradle/wrapper/dists/gradle-2.8-all/ah86jmo43de9lfa8xg9ux3c4h/gradle-2.8/lib/plugins/jetty-6.1.25.jar
7f94feae9000-7f94feaeb000 r--s 00009000 08:02 3019678                    /home/m/.gradle/wrapper/dists/gradle-2.8-all/ah86jmo43de9lfa8xg9ux3c4h/gradle-2.8/lib/plugins/gradle-jetty-2.8.jar
7f94feaeb000-7f94feaf1000 r--s 00036000 08:02 3019677                    /home/m/.gradle/wrapper/dists/gradle-2.8-all/ah86jmo43de9lfa8xg9ux3c4h/gradle-2.8/lib/plugins/gradle-code-quality-2.8.jar
7f94feaf1000-7f94feaf3000 r--s 00009000 08:02 3019783                    /home/m/.gradle/wrapper/dists/gradle-2.8-all/ah86jmo43de9lfa8xg9ux3c4h/gradle-2.8/lib/plugins/hamcrest-core-1.3.jar
7f94feaf3000-7f94feaf9000 r--s 00033000 08:02 3019750                    /home/m/.gradle/wrapper/dists/gradle-2.8-all/ah86jmo43de9lfa8xg9ux3c4h/gradle-2.8/lib/plugins/snakeyaml-1.6.jar
7f94feaf9000-7f94feafb000 r--s 00006000 08:02 3019749                    /home/m/.gradle/wrapper/dists/gradle-2.8-all/ah86jmo43de9lfa8xg9ux3c4h/gradle-2.8/lib/plugins/jcommander-1.12.jar
7f94feafb000-7f94feb00000 r--s 00040000 08:02 3019748                    /home/m/.gradle/wrapper/dists/gradle-2.8-all/ah86jmo43de9lfa8xg9ux3c4h/gradle-2.8/lib/plugins/bsh-2.0b4.jar
7f94feb00000-7f94feb02000 r--s 00009000 08:02 3019717                    /home/m/.gradle/wrapper/dists/gradle-2.8-all/ah86jmo43de9lfa8xg9ux3c4h/gradle-2.8/lib/plugins/commons-cli-1.2.jar
7f94feb02000-7f94feb0b000 r--s 00089000 08:02 3019716                    /home/m/.gradle/wrapper/dists/gradle-2.8-all/ah86jmo43de9lfa8xg9ux3c4h/gradle-2.8/lib/plugins/testng-6.3.1.jar
7f94feb0b000-7f94feb13000 r--s 00045000 08:02 3019715                    /home/m/.gradle/wrapper/dists/gradle-2.8-all/ah86jmo43de9lfa8xg9ux3c4h/gradle-2.8/lib/plugins/junit-4.12.jar
7f94feb13000-7f94feb1f000 r--s 00073000 08:02 3019676                    /home/m/.gradle/wrapper/dists/gradle-2.8-all/ah86jmo43de9lfa8xg9ux3c4h/gradle-2.8/lib/plugins/gradle-plugins-2.8.jar
7f94feb1f000-7f94feb37000 r--s 00115000 08:02 3019781                    /home/m/.gradle/wrapper/dists/gradle-2.8-all/ah86jmo43de9lfa8xg9ux3c4h/gradle-2.8/lib/plugins/xercesImpl-2.9.1.jar
7f94feb37000-7f94feb3f000 r--s 00028000 08:02 3019782                    /home/m/.gradle/wrapper/dists/gradle-2.8-all/ah86jmo43de9lfa8xg9ux3c4h/gradle-2.8/lib/plugins/xml-apis-1.3.04.jar
7f94feb3f000-7f94feb45000 r--s 0005b000 08:02 3019780                    /home/m/.gradle/wrapper/dists/gradle-2.8-all/ah86jmo43de9lfa8xg9ux3c4h/gradle-2.8/lib/plugins/jcifs-1.3.17.jar
7f94feb45000-7f94feb4b000 r--s 00031000 08:02 3019779                    /home/m/.gradle/wrapper/dists/gradle-2.8-all/ah86jmo43de9lfa8xg9ux3c4h/gradle-2.8/lib/plugins/httpcore-4.2.2.jar
7f94feb4b000-7f94feb51000 r--s 00033000 08:02 3019778                    /home/m/.gradle/wrapper/dists/gradle-2.8-all/ah86jmo43de9lfa8xg9ux3c4h/gradle-2.8/lib/plugins/commons-codec-1.6.jar
7f94feb51000-7f94feb54000 r--s 0001c000 08:02 3019736                    /home/m/.gradle/wrapper/dists/gradle-2.8-all/ah86jmo43de9lfa8xg9ux3c4h/gradle-2.8/lib/plugins/nekohtml-1.9.14.jar
7f94feb54000-7f94feb5d000 r--s 00060000 08:02 3019735                    /home/m/.gradle/wrapper/dists/gradle-2.8-all/ah86jmo43de9lfa8xg9ux3c4h/gradle-2.8/lib/plugins/httpclient-4.2.2.jar
7f94feb5d000-7f94feb5f000 r--s 00009000 08:02 3019709                    /home/m/.gradle/wrapper/dists/gradle-2.8-all/ah86jmo43de9lfa8xg9ux3c4h/gradle-2.8/lib/plugins/gradle-resources-http-2.8.jar
7f94feb5f000-7f94feb62000 r--s 00011000 08:02 3019708                    /home/m/.gradle/wrapper/dists/gradle-2.8-all/ah86jmo43de9lfa8xg9ux3c4h/gradle-2.8/lib/plugins/gradle-plugin-use-2.8.jar
7f94feb62000-7f94feb63000 r--s 00007000 08:02 3019777                    /home/m/.gradle/wrapper/dists/gradle-2.8-all/ah86jmo43de9lfa8xg9ux3c4h/gradle-2.8/lib/plugins/wagon-http-shared4-2.4.jar
7f94feb63000-7f94feb67000 r--s 00033000 08:02 3019776                    /home/m/.gradle/wrapper/dists/gradle-2.8-all/ah86jmo43de9lfa8xg9ux3c4h/gradle-2.8/lib/plugins/plexus-utils-2.0.6.jar
7f94feb67000-7f94feb6b000 r--s 00021000 08:02 3019775                    /home/m/.gradle/wrapper/dists/gradle-2.8-all/ah86jmo43de9lfa8xg9ux3c4h/gradle-2.8/lib/plugins/maven-model-builder-3.0.4.jar
7f94feb6b000-7f94feb6c000 r--s 00002000 08:02 3019774                    /home/m/.gradle/wrapper/dists/gradle-2.8-all/ah86jmo43de9lfa8xg9ux3c4h/gradle-2.8/lib/plugins/wagon-file-2.4.jar
7f94feb6c000-7f94feb6e000 r--s 00002000 08:02 3019773                    /home/m/.gradle/wrapper/dists/gradle-2.8-all/ah86jmo43de9lfa8xg9ux3c4h/gradle-2.8/lib/plugins/plexus-cipher-1.7.jar
7f94feb6e000-7f94feb71000 r--s 00013000 08:02 3019772                    /home/m/.gradle/wrapper/dists/gradle-2.8-all/ah86jmo43de9lfa8xg9ux3c4h/gradle-2.8/lib/plugins/aether-api-1.13.1.jar
7f94feb71000-7f94feb73000 r--s 0000a000 08:02 3019771                    /home/m/.gradle/wrapper/dists/gradle-2.8-all/ah86jmo43de9lfa8xg9ux3c4h/gradle-2.8/lib/plugins/maven-settings-3.0.4.jar
7f94feb73000-7f94feb75000 r--s 0000d000 08:02 3019770                    /home/m/.gradle/wrapper/dists/gradle-2.8-all/ah86jmo43de9lfa8xg9ux3c4h/gradle-2.8/lib/plugins/plexus-interpolation-1.14.jar
7f94feb75000-7f94feb77000 r--s 0000b000 08:02 3019769                    /home/m/.gradle/wrapper/dists/gradle-2.8-all/ah86jmo43de9lfa8xg9ux3c4h/gradle-2.8/lib/plugins/maven-artifact-3.0.4.jar
7f94feb77000-7f94feb7e000 r--s 0002e000 08:02 3019768                    /home/m/.gradle/wrapper/dists/gradle-2.8-all/ah86jmo43de9lfa8xg9ux3c4h/gradle-2.8/lib/plugins/plexus-container-default-1.5.5.jar
7f94feb7e000-7f94feb80000 r--s 0000b000 08:02 3019767                    /home/m/.gradle/wrapper/dists/gradle-2.8-all/ah86jmo43de9lfa8xg9ux3c4h/gradle-2.8/lib/plugins/maven-plugin-api-3.0.4.jar
7f94feb80000-7f94feb82000 r--s 00000000 08:02 3019784                    /home/m/.gradle/wrapper/dists/gradle-2.8-all/ah86jmo43de9lfa8xg9ux3c4h/gradle-2.8/lib/plugins/plexus-component-annotations-1.5.5.jar
7f94feb82000-7f94feb88000 r--s 0003f000 08:02 3019766                    /home/m/.gradle/wrapper/dists/gradle-2.8-all/ah86jmo43de9lfa8xg9ux3c4h/gradle-2.8/lib/plugins/maven-compat-3.0.4.jar
7f94feb88000-7f94feb8b000 r--s 00008000 08:02 3019765                    /home/m/.gradle/wrapper/dists/gradle-2.8-all/ah86jmo43de9lfa8xg9ux3c4h/gradle-2.8/lib/plugins/maven-settings-builder-3.0.4.jar
7f94feb8b000-7f94feb8c000 r--s 00002000 08:02 3019764                    /home/m/.gradle/wrapper/dists/gradle-2.8-all/ah86jmo43de9lfa8xg9ux3c4h/gradle-2.8/lib/plugins/wagon-http-2.4.jar
7f94feb8c000-7f94feb8e000 r--s 00026000 08:02 3019763                    /home/m/.gradle/wrapper/dists/gradle-2.8-all/ah86jmo43de9lfa8xg9ux3c4h/gradle-2.8/lib/plugins/maven-model-3.0.4.jar
7f94feb8e000-7f94feb90000 r--s 00006000 08:02 3019762                    /home/m/.gradle/wrapper/dists/gradle-2.8-all/ah86jmo43de9lfa8xg9ux3c4h/gradle-2.8/lib/plugins/aether-connector-wagon-1.13.1.jar
7f94feb90000-7f94feb92000 r--s 0000a000 08:02 3019761                    /home/m/.gradle/wrapper/dists/gradle-2.8-all/ah86jmo43de9lfa8xg9ux3c4h/gradle-2.8/lib/plugins/plexus-classworlds-2.4.jar
7f94feb92000-7f94feb94000 r--s 00006000 08:02 3019760                    /home/m/.gradle/wrapper/dists/gradle-2.8-all/ah86jmo43de9lfa8xg9ux3c4h/gradle-2.8/lib/plugins/maven-repository-metadata-3.0.4.jar
7f94feb94000-7f94feb96000 r--s 0000c000 08:02 3019759                    /home/m/.gradle/wrapper/dists/gradle-2.8-all/ah86jmo43de9lfa8xg9ux3c4h/gradle-2.8/lib/plugins/maven-aether-provider-3.0.4.jar
7f94feb96000-7f94feb98000 r--s 0000b000 08:02 3019758                    /home/m/.gradle/wrapper/dists/gradle-2.8-all/ah86jmo43de9lfa8xg9ux3c4h/gradle-2.8/lib/plugins/wagon-provider-api-2.4.jar
7f94feb98000-7f94feb9c000 r--s 0001c000 08:02 3019756                    /home/m/.gradle/wrapper/dists/gradle-2.8-all/ah86jmo43de9lfa8xg9ux3c4h/gradle-2.8/lib/plugins/aether-util-1.13.1.jar
7f94feb9c000-7f94feb9f000 r--s 0001d000 08:02 3019755                    /home/m/.gradle/wrapper/dists/gradle-2.8-all/ah86jmo43de9lfa8xg9ux3c4h/gradle-2.8/lib/plugins/aether-impl-1.13.1.jar
7f94feb9f000-7f94feba3000 r--s 0003d000 08:02 3019737                    /home/m/.gradle/wrapper/dists/gradle-2.8-all/ah86jmo43de9lfa8xg9ux3c4h/gradle-2.8/lib/plugins/jsch-0.1.51.jar
7f94feba3000-7f94febe3000 r--s 00277000 08:02 3019747                    /home/m/.gradle/wrapper/dists/gradle-2.8-all/ah86jmo43de9lfa8xg9ux3c4h/gradle-2.8/lib/plugins/bcprov-jdk15on-1.51.jar
7f94febe3000-7f94febe7000 r--s 0001d000 08:02 3019746                    /home/m/.gradle/wrapper/dists/gradle-2.8-all/ah86jmo43de9lfa8xg9ux3c4h/gradle-2.8/lib/plugins/xbean-reflect-3.4.jar
7f94febe7000-7f94febf3000 r--s 0007d000 08:02 3019726                    /home/m/.gradle/wrapper/dists/gradle-2.8-all/ah86jmo43de9lfa8xg9ux3c4h/gradle-2.8/lib/plugins/maven-core-3.0.4.jar
7f94febf3000-7f94febf8000 r--s 0002a000 08:02 3019732                    /home/m/.gradle/wrapper/dists/gradle-2.8-all/ah86jmo43de9lfa8xg9ux3c4h/gradle-2.8/lib/plugins/gson-2.2.4.jar
7f94febf8000-7f94fec07000 r--s 000d9000 08:02 3019745                    /home/m/.gradle/wrapper/dists/gradle-2.8-all/ah86jmo43de9lfa8xg9ux3c4h/gradle-2.8/lib/plugins/ivy-2.2.0.jar
7f94fec07000-7f94fec1d000 r-xp 00000000 08:02 3936750                    /lib/x86_64-linux-gnu/libgcc_s.so.1
7f94fec1d000-7f94fee1c000 ---p 00016000 08:02 3936750                    /lib/x86_64-linux-gnu/libgcc_s.so.1
7f94fee1c000-7f94fee1d000 rw-p 00015000 08:02 3936750                    /lib/x86_64-linux-gnu/libgcc_s.so.1
7f94fee1d000-7f94fef8f000 r-xp 00000000 08:02 2630658                    /usr/lib/x86_64-linux-gnu/libstdc++.so.6.0.21
7f94fef8f000-7f94ff18f000 ---p 00172000 08:02 2630658                    /usr/lib/x86_64-linux-gnu/libstdc++.so.6.0.21
7f94ff18f000-7f94ff199000 r--p 00172000 08:02 2630658                    /usr/lib/x86_64-linux-gnu/libstdc++.so.6.0.21
7f94ff199000-7f94ff19b000 rw-p 0017c000 08:02 2630658                    /usr/lib/x86_64-linux-gnu/libstdc++.so.6.0.21
7f94ff19b000-7f94ff19f000 rw-p 00000000 00:00 0 
7f94ff19f000-7f94ff1a0000 r--s 00003000 08:02 3019757                    /home/m/.gradle/wrapper/dists/gradle-2.8-all/ah86jmo43de9lfa8xg9ux3c4h/gradle-2.8/lib/plugins/aether-spi-1.13.1.jar
7f94ff1a0000-7f94ff1a1000 r--s 00006000 08:02 3019754                    /home/m/.gradle/wrapper/dists/gradle-2.8-all/ah86jmo43de9lfa8xg9ux3c4h/gradle-2.8/lib/plugins/plexus-sec-dispatcher-1.3.jar
7f94ff1a1000-7f94ff1bd000 r--s 000ca000 08:02 3019713                    /home/m/.gradle/wrapper/dists/gradle-2.8-all/ah86jmo43de9lfa8xg9ux3c4h/gradle-2.8/lib/plugins/gradle-dependency-management-2.8.jar
7f94ff1bd000-7f94ff1c1000 r-xp 00000000 08:02 924610                     /home/m/.gradle/native/19/linux-amd64/libnative-platform.so
7f94ff1c1000-7f94ff3c0000 ---p 00004000 08:02 924610                     /home/m/.gradle/native/19/linux-amd64/libnative-platform.so
7f94ff3c0000-7f94ff3c1000 rw-p 00003000 08:02 924610                     /home/m/.gradle/native/19/linux-amd64/libnative-platform.so
7f94ff3c1000-7f94ff3d2000 r-xp 00000000 08:02 131474                     /home/m/android-studio/jre/jre/lib/amd64/libnio.so
7f94ff3d2000-7f94ff5d1000 ---p 00011000 08:02 131474                     /home/m/android-studio/jre/jre/lib/amd64/libnio.so
7f94ff5d1000-7f94ff5d2000 r--p 00010000 08:02 131474                     /home/m/android-studio/jre/jre/lib/amd64/libnio.so
7f94ff5d2000-7f94ff5d3000 rw-p 00011000 08:02 131474                     /home/m/android-studio/jre/jre/lib/amd64/libnio.so
7f94ff5d3000-7f94ff8d4000 rw-p 00000000 00:00 0 
7f94ff8d4000-7f94ff8eb000 r-xp 00000000 08:02 131472                     /home/m/android-studio/jre/jre/lib/amd64/libnet.so
7f94ff8eb000-7f94ffaea000 ---p 00017000 08:02 131472                     /home/m/android-studio/jre/jre/lib/amd64/libnet.so
7f94ffaea000-7f94ffaeb000 r--p 00016000 08:02 131472                     /home/m/android-studio/jre/jre/lib/amd64/libnet.so
7f94ffaeb000-7f94ffaec000 rw-p 00017000 08:02 131472                     /home/m/android-studio/jre/jre/lib/amd64/libnet.so
7f94ffaec000-7f94ffaed000 r--s 00006000 08:02 2893454                    /home/m/.gradle/wrapper/dists/gradle-2.8-all/ah86jmo43de9lfa8xg9ux3c4h/gradle-2.8/lib/gradle-wrapper-2.8.jar
7f94ffaed000-7f94ffaf8000 r--s 0003a000 08:02 2893459                    /home/m/.gradle/wrapper/dists/gradle-2.8-all/ah86jmo43de9lfa8xg9ux3c4h/gradle-2.8/lib/gradle-tooling-api-2.8.jar
7f94ffaf8000-7f94ffafa000 r--s 00002000 08:02 2893481                    /home/m/.gradle/wrapper/dists/gradle-2.8-all/ah86jmo43de9lfa8xg9ux3c4h/gradle-2.8/lib/gradle-open-api-2.8.jar
7f94ffafa000-7f94ffb00000 r--s 00032000 08:02 2893483                    /home/m/.gradle/wrapper/dists/gradle-2.8-all/ah86jmo43de9lfa8xg9ux3c4h/gradle-2.8/lib/jaxen-1.1.jar
7f94ffb00000-7f94ffb05000 r--s 00048000 08:02 2893482                    /home/m/.gradle/wrapper/dists/gradle-2.8-all/ah86jmo43de9lfa8xg9ux3c4h/gradle-2.8/lib/dom4j-1.6.1.jar
7f94ffb05000-7f94ffb10000 r--s 00059000 08:02 2893458                    /home/m/.gradle/wrapper/dists/gradle-2.8-all/ah86jmo43de9lfa8xg9ux3c4h/gradle-2.8/lib/gradle-ui-2.8.jar
7f94ffb10000-7f94ffb13000 r--s 00008000 08:02 2893477                    /home/m/.gradle/wrapper/dists/gradle-2.8-all/ah86jmo43de9lfa8xg9ux3c4h/gradle-2.8/lib/gradle-resources-2.8.jar
7f94ffb13000-7f94ffb15000 r--s 00007000 08:02 2893591                    /home/m/.gradle/wrapper/dists/gradle-2.8-all/ah86jmo43de9lfa8xg9ux3c4h/gradle-2.8/lib/objenesis-1.2.jar
7f94ffb15000-7f94ffb17000 r--s 00000000 08:02 2893590                    /home/m/.gradle/wrapper/dists/gradle-2.8-all/ah86jmo43de9lfa8xg9ux3c4h/gradle-2.8/lib/minlog-1.2.jar
7f94ffb17000-7f94ffb19000 r--s 0000f000 08:02 2893589                    /home/m/.gradle/wrapper/dists/gradle-2.8-all/ah86jmo43de9lfa8xg9ux3c4h/gradle-2.8/lib/reflectasm-1.07-shaded.jar
7f94ffb19000-7f94ffb1d000 r--s 00026000 08:02 2893488                    /home/m/.gradle/wrapper/dists/gradle-2.8-all/ah86jmo43de9lfa8xg9ux3c4h/gradle-2.8/lib/kryo-2.20.jar
7f94ffb1d000-7f94ffb26000 r--s 0003f000 08:02 2893476                    /home/m/.gradle/wrapper/dists/gradle-2.8-all/ah86jmo43de9lfa8xg9ux3c4h/gradle-2.8/lib/gradle-messaging-2.8.jar
7f94ffb26000-7f94ffb27000 r--s 00003000 08:02 2893496                    /home/m/.gradle/wrapper/dists/gradle-2.8-all/ah86jmo43de9lfa8xg9ux3c4h/gradle-2.8/lib/native-platform-freebsd-amd64-0.10.jar
7f94ffb27000-7f94ffb28000 r--s 00003000 08:02 2893495                    /home/m/.gradle/wrapper/dists/gradle-2.8-all/ah86jmo43de9lfa8xg9ux3c4h/gradle-2.8/lib/native-platform-freebsd-i386-0.10.jar
7f94ffb28000-7f94ffb29000 r--s 00005000 08:02 2893494                    /home/m/.gradle/wrapper/dists/gradle-2.8-all/ah86jmo43de9lfa8xg9ux3c4h/gradle-2.8/lib/native-platform-windows-i386-0.10.jar
7f94ffb29000-7f94ffb2a000 r--s 00005000 08:02 2893493                    /home/m/.gradle/wrapper/dists/gradle-2.8-all/ah86jmo43de9lfa8xg9ux3c4h/gradle-2.8/lib/native-platform-windows-amd64-0.10.jar
7f94ffb2a000-7f94ffb2b000 r--s 00003000 08:02 2893492                    /home/m/.gradle/wrapper/dists/gradle-2.8-all/ah86jmo43de9lfa8xg9ux3c4h/gradle-2.8/lib/native-platform-linux-i386-0.10.jar
7f94ffb2b000-7f94ffb2c000 r--s 00003000 08:02 2893491                    /home/m/.gradle/wrapper/dists/gradle-2.8-all/ah86jmo43de9lfa8xg9ux3c4h/gradle-2.8/lib/native-platform-linux-amd64-0.10.jar
7f94ffb2c000-7f94ffb2d000 r--s 00002000 08:02 2893490                    /home/m/.gradle/wrapper/dists/gradle-2.8-all/ah86jmo43de9lfa8xg9ux3c4h/gradle-2.8/lib/native-platform-osx-amd64-0.10.jar
7f94ffb2d000-7f94ffb2f000 r--s 00008000 08:02 2893486                    /home/m/.gradle/wrapper/dists/gradle-2.8-all/ah86jmo43de9lfa8xg9ux3c4h/gradle-2.8/lib/jansi-1.2.1.jar
7f94ffb2f000-7f94ffb32000 r--s 0000d000 08:02 2893485                    /home/m/.gradle/wrapper/dists/gradle-2.8-all/ah86jmo43de9lfa8xg9ux3c4h/gradle-2.8/lib/native-platform-0.10.jar
7f94ffb32000-7f94ffb36000 r--s 000e4000 08:02 2893484                    /home/m/.gradle/wrapper/dists/gradle-2.8-all/ah86jmo43de9lfa8xg9ux3c4h/gradle-2.8/lib/jna-3.2.7.jar
7f94ffb36000-7f94ffb38000 r--s 00008000 08:02 2893460                    /home/m/.gradle/wrapper/dists/gradle-2.8-all/ah86jmo43de9lfa8xg9ux3c4h/gradle-2.8/lib/gradle-native-2.8.jar
7f94ffb38000-7f94ffb3a000 r--s 00005000 08:02 2893457                    /home/m/.gradle/wrapper/dists/gradle-2.8-all/ah86jmo43de9lfa8xg9ux3c4h/gradle-2.8/lib/gradle-cli-2.8.jar
7f94ffb3a000-7f94ffb46000 r--s 00067000 08:02 2893465                    /home/m/.gradle/wrapper/dists/gradle-2.8-all/ah86jmo43de9lfa8xg9ux3c4h/gradle-2.8/lib/gradle-model-core-2.8.jar
7f94ffb46000-7f94ffbb5000 r--s 0063e000 08:02 2893464                    /home/m/.gradle/wrapper/dists/gradle-2.8-all/ah86jmo43de9lfa8xg9ux3c4h/gradle-2.8/lib/groovy-all-2.4.4.jar
7f94ffbb5000-7f94ffbdd000 r--s 001cf000 08:02 2893462                    /home/m/.gradle/wrapper/dists/gradle-2.8-all/ah86jmo43de9lfa8xg9ux3c4h/gradle-2.8/lib/guava-jdk5-17.0.jar
7f94ffbdd000-7f94ffbfc000 r--s 001cc000 08:02 2893468                    /home/m/.gradle/wrapper/dists/gradle-2.8-all/ah86jmo43de9lfa8xg9ux3c4h/gradle-2.8/lib/ant-1.9.3.jar
7f94ffbfc000-7f94ffbfd000 ---p 00000000 00:00 0 
7f94ffbfd000-7f94ffcfd000 rw-p 00000000 00:00 0 
7f94ffcfd000-7f94ffd00000 ---p 00000000 00:00 0 
7f94ffd00000-7f94ffdfe000 rw-p 00000000 00:00 0 
7f94ffdfe000-7f94ffe01000 ---p 00000000 00:00 0 
7f94ffe01000-7f94ffeff000 rw-p 00000000 00:00 0 
7f94ffeff000-7f94fff02000 ---p 00000000 00:00 0 
7f94fff02000-7f9500000000 rw-p 00000000 00:00 0 
7f9500000000-7f9500021000 rw-p 00000000 00:00 0 
7f9500021000-7f9504000000 ---p 00000000 00:00 0 
7f9504000000-7f9504021000 rw-p 00000000 00:00 0 
7f9504021000-7f9508000000 ---p 00000000 00:00 0 
7f9508000000-7f95082d8000 rw-p 00000000 00:00 0 
7f95082d8000-7f950c000000 ---p 00000000 00:00 0 
7f950c000000-7f950c021000 rw-p 00000000 00:00 0 
7f950c021000-7f9510000000 ---p 00000000 00:00 0 
7f9510000000-7f9510021000 rw-p 00000000 00:00 0 
7f9510021000-7f9514000000 ---p 00000000 00:00 0 
7f9514000000-7f9514021000 rw-p 00000000 00:00 0 
7f9514021000-7f9518000000 ---p 00000000 00:00 0 
7f9518000000-7f9518021000 rw-p 00000000 00:00 0 
7f9518021000-7f951c000000 ---p 00000000 00:00 0 
7f951c000000-7f951c001000 r--s 00002000 08:02 2893489                    /home/m/.gradle/wrapper/dists/gradle-2.8-all/ah86jmo43de9lfa8xg9ux3c4h/gradle-2.8/lib/native-platform-osx-i386-0.10.jar
7f951c001000-7f951c002000 r--s 00007000 08:02 2893466                    /home/m/.gradle/wrapper/dists/gradle-2.8-all/ah86jmo43de9lfa8xg9ux3c4h/gradle-2.8/lib/gradle-model-groovy-2.8.jar
7f951c002000-7f951c003000 r--s 00006000 08:02 2893475                    /home/m/.gradle/wrapper/dists/gradle-2.8-all/ah86jmo43de9lfa8xg9ux3c4h/gradle-2.8/lib/gradle-base-services-groovy-2.8.jar
7f951c003000-7f951c004000 r--s 00000000 08:02 2893478                    /home/m/.gradle/wrapper/dists/gradle-2.8-all/ah86jmo43de9lfa8xg9ux3c4h/gradle-2.8/lib/gradle-docs-2.8.jar
7f951c004000-7f951c006000 r--s 00003000 08:02 2893480                    /home/m/.gradle/wrapper/dists/gradle-2.8-all/ah86jmo43de9lfa8xg9ux3c4h/gradle-2.8/lib/jcl-over-slf4j-1.7.10.jar
7f951c006000-7f951c007000 r--s 00005000 08:02 2893479                    /home/m/.gradle/wrapper/dists/gradle-2.8-all/ah86jmo43de9lfa8xg9ux3c4h/gradle-2.8/lib/log4j-over-slf4j-1.7.10.jar
7f951c007000-7f951c008000 r--s 00000000 08:02 2893474                    /home/m/.gradle/wrapper/dists/gradle-2.8-all/ah86jmo43de9lfa8xg9ux3c4h/gradle-2.8/lib/javax.inject-1.jar
7f951c008000-7f951c016000 r--s 0007f000 08:02 2893469                    /home/m/.gradle/wrapper/dists/gradle-2.8-all/ah86jmo43de9lfa8xg9ux3c4h/gradle-2.8/lib/commons-collections-3.2.1.jar
7f951c016000-7f951c019000 ---p 00000000 00:00 0 
7f951c019000-7f951c117000 rw-p 00000000 00:00 0 
7f951c117000-7f951c520000 r--p 00000000 08:02 2621747                    /usr/lib/locale/locale-archive
7f951c520000-7f951c523000 ---p 00000000 00:00 0 
7f951c523000-7f951c621000 rw-p 00000000 00:00 0 
7f951c621000-7f951c624000 ---p 00000000 00:00 0 
7f951c624000-7f951c722000 rw-p 00000000 00:00 0 
7f951c722000-7f951c723000 ---p 00000000 00:00 0 
7f951c723000-7f951d631000 rw-p 00000000 00:00 0 
7f951d631000-7f951d800000 r--s 03c1b000 08:02 131442                     /home/m/android-studio/jre/jre/lib/rt.jar
7f951d800000-7f9520000000 rw-p 00000000 00:00 0 
7f9520000000-7f9520021000 rw-p 00000000 00:00 0 
7f9520021000-7f9524000000 ---p 00000000 00:00 0 
7f9524000000-7f9524003000 r--s 0001b000 08:02 2893473                    /home/m/.gradle/wrapper/dists/gradle-2.8-all/ah86jmo43de9lfa8xg9ux3c4h/gradle-2.8/lib/jarjar-1.3.jar
7f9524003000-7f9524005000 r--s 00000000 08:02 2893472                    /home/m/.gradle/wrapper/dists/gradle-2.8-all/ah86jmo43de9lfa8xg9ux3c4h/gradle-2.8/lib/jul-to-slf4j-1.7.10.jar
7f9524005000-7f952400a000 r--s 00036000 08:02 2893467                    /home/m/.gradle/wrapper/dists/gradle-2.8-all/ah86jmo43de9lfa8xg9ux3c4h/gradle-2.8/lib/asm-all-5.0.3.jar
7f952400a000-7f952400f000 r--s 00041000 08:02 2893463                    /home/m/.gradle/wrapper/dists/gradle-2.8-all/ah86jmo43de9lfa8xg9ux3c4h/gradle-2.8/lib/commons-lang-2.6.jar
7f952400f000-7f9524045000 r--s 001b5000 08:02 2893456                    /home/m/.gradle/wrapper/dists/gradle-2.8-all/ah86jmo43de9lfa8xg9ux3c4h/gradle-2.8/lib/gradle-core-2.8.jar
7f9524045000-7f952441f000 rw-p 00000000 00:00 0 
7f952441f000-7f9524420000 ---p 00000000 00:00 0 
7f9524420000-7f9524520000 rw-p 00000000 00:00 0 
7f9524520000-7f9524521000 ---p 00000000 00:00 0 
7f9524521000-7f9524621000 rw-p 00000000 00:00 0 
7f9524621000-7f9524622000 ---p 00000000 00:00 0 
7f9524622000-7f9524722000 rw-p 00000000 00:00 0 
7f9524722000-7f9524723000 ---p 00000000 00:00 0 
7f9524723000-7f9524834000 rw-p 00000000 00:00 0 
7f9524834000-7f9524978000 ---p 00000000 00:00 0 
7f9524978000-7f952499d000 rw-p 00000000 00:00 0 
7f952499d000-7f9524a23000 ---p 00000000 00:00 0 
7f9524a23000-7f9524a45000 rw-p 00000000 00:00 0 
7f9524a45000-7f9524de4000 ---p 00000000 00:00 0 
7f9524de4000-7f9525624000 rwxp 00000000 00:00 0 
7f9525624000-7f9533de4000 ---p 00000000 00:00 0 
7f9533de4000-7f9533dfe000 r-xp 00000000 08:02 131469                     /home/m/android-studio/jre/jre/lib/amd64/libzip.so
7f9533dfe000-7f9533ffe000 ---p 0001a000 08:02 131469                     /home/m/android-studio/jre/jre/lib/amd64/libzip.so
7f9533ffe000-7f9533fff000 r--p 0001a000 08:02 131469                     /home/m/android-studio/jre/jre/lib/amd64/libzip.so
7f9533fff000-7f9534000000 rw-p 0001b000 08:02 131469                     /home/m/android-studio/jre/jre/lib/amd64/libzip.so
7f9534000000-7f9534b0a000 rw-p 00000000 00:00 0 
7f9534b0a000-7f9538000000 ---p 00000000 00:00 0 
7f9538000000-7f9538001000 r--s 00000000 08:02 2893471                    /home/m/.gradle/wrapper/dists/gradle-2.8-all/ah86jmo43de9lfa8xg9ux3c4h/gradle-2.8/lib/jcip-annotations-1.0.jar
7f9538001000-7f9538004000 r--s 00018000 08:02 2893470                    /home/m/.gradle/wrapper/dists/gradle-2.8-all/ah86jmo43de9lfa8xg9ux3c4h/gradle-2.8/lib/commons-io-1.4.jar
7f9538004000-7f953800e000 r--s 0004a000 08:02 2893453                    /home/m/.gradle/wrapper/dists/gradle-2.8-all/ah86jmo43de9lfa8xg9ux3c4h/gradle-2.8/lib/gradle-launcher-2.8.jar
7f953800e000-7f9538061000 rw-p 00000000 00:00 0 
7f9538061000-7f95381a6000 ---p 00000000 00:00 0 
7f95381a6000-7f95381b1000 r-xp 00000000 08:02 3936734                    /lib/x86_64-linux-gnu/libnss_files-2.23.so
7f95381b1000-7f95383b0000 ---p 0000b000 08:02 3936734                    /lib/x86_64-linux-gnu/libnss_files-2.23.so
7f95383b0000-7f95383b1000 r--p 0000a000 08:02 3936734                    /lib/x86_64-linux-gnu/libnss_files-2.23.so
7f95383b1000-7f95383b2000 rw-p 0000b000 08:02 3936734                    /lib/x86_64-linux-gnu/libnss_files-2.23.so
7f95383b2000-7f95383b8000 rw-p 00000000 00:00 0 
7f95383b8000-7f95383c3000 r-xp 00000000 08:02 3932258                    /lib/x86_64-linux-gnu/libnss_nis-2.23.so
7f95383c3000-7f95385c2000 ---p 0000b000 08:02 3932258                    /lib/x86_64-linux-gnu/libnss_nis-2.23.so
7f95385c2000-7f95385c3000 r--p 0000a000 08:02 3932258                    /lib/x86_64-linux-gnu/libnss_nis-2.23.so
7f95385c3000-7f95385c4000 rw-p 0000b000 08:02 3932258                    /lib/x86_64-linux-gnu/libnss_nis-2.23.so
7f95385c4000-7f95385da000 r-xp 00000000 08:02 3936729                    /lib/x86_64-linux-gnu/libnsl-2.23.so
7f95385da000-7f95387d9000 ---p 00016000 08:02 3936729                    /lib/x86_64-linux-gnu/libnsl-2.23.so
7f95387d9000-7f95387da000 r--p 00015000 08:02 3936729                    /lib/x86_64-linux-gnu/libnsl-2.23.so
7f95387da000-7f95387db000 rw-p 00016000 08:02 3936729                    /lib/x86_64-linux-gnu/libnsl-2.23.so
7f95387db000-7f95387dd000 rw-p 00000000 00:00 0 
7f95387dd000-7f95387e5000 r-xp 00000000 08:02 3936758                    /lib/x86_64-linux-gnu/libnss_compat-2.23.so
7f95387e5000-7f95389e4000 ---p 00008000 08:02 3936758                    /lib/x86_64-linux-gnu/libnss_compat-2.23.so
7f95389e4000-7f95389e5000 r--p 00007000 08:02 3936758                    /lib/x86_64-linux-gnu/libnss_compat-2.23.so
7f95389e5000-7f95389e6000 rw-p 00008000 08:02 3936758                    /lib/x86_64-linux-gnu/libnss_compat-2.23.so
7f95389e6000-7f9538a13000 r-xp 00000000 08:02 131479                     /home/m/android-studio/jre/jre/lib/amd64/libjava.so
7f9538a13000-7f9538c12000 ---p 0002d000 08:02 131479                     /home/m/android-studio/jre/jre/lib/amd64/libjava.so
7f9538c12000-7f9538c13000 r--p 0002c000 08:02 131479                     /home/m/android-studio/jre/jre/lib/amd64/libjava.so
7f9538c13000-7f9538c15000 rw-p 0002d000 08:02 131479                     /home/m/android-studio/jre/jre/lib/amd64/libjava.so
7f9538c15000-7f9538c25000 r-xp 00000000 08:02 131495                     /home/m/android-studio/jre/jre/lib/amd64/libverify.so
7f9538c25000-7f9538e24000 ---p 00010000 08:02 131495                     /home/m/android-studio/jre/jre/lib/amd64/libverify.so
7f9538e24000-7f9538e26000 r--p 0000f000 08:02 131495                     /home/m/android-studio/jre/jre/lib/amd64/libverify.so
7f9538e26000-7f9538e27000 rw-p 00011000 08:02 131495                     /home/m/android-studio/jre/jre/lib/amd64/libverify.so
7f9538e27000-7f9538e2e000 r-xp 00000000 08:02 3936776                    /lib/x86_64-linux-gnu/librt-2.23.so
7f9538e2e000-7f953902d000 ---p 00007000 08:02 3936776                    /lib/x86_64-linux-gnu/librt-2.23.so
7f953902d000-7f953902e000 r--p 00006000 08:02 3936776                    /lib/x86_64-linux-gnu/librt-2.23.so
7f953902e000-7f953902f000 rw-p 00007000 08:02 3936776                    /lib/x86_64-linux-gnu/librt-2.23.so
7f953902f000-7f9539137000 r-xp 00000000 08:02 3936609                    /lib/x86_64-linux-gnu/libm-2.23.so
7f9539137000-7f9539336000 ---p 00108000 08:02 3936609                    /lib/x86_64-linux-gnu/libm-2.23.so
7f9539336000-7f9539337000 r--p 00107000 08:02 3936609                    /lib/x86_64-linux-gnu/libm-2.23.so
7f9539337000-7f9539338000 rw-p 00108000 08:02 3936609                    /lib/x86_64-linux-gnu/libm-2.23.so
7f9539338000-7f9539f29000 r-xp 00000000 08:02 131499                     /home/m/android-studio/jre/jre/lib/amd64/server/libjvm.so
7f9539f29000-7f953a129000 ---p 00bf1000 08:02 131499                     /home/m/android-studio/jre/jre/lib/amd64/server/libjvm.so
7f953a129000-7f953a1c8000 r--p 00bf1000 08:02 131499                     /home/m/android-studio/jre/jre/lib/amd64/server/libjvm.so
7f953a1c8000-7f953a1f1000 rw-p 00c90000 08:02 131499                     /home/m/android-studio/jre/jre/lib/amd64/server/libjvm.so
7f953a1f1000-7f953a235000 rw-p 00000000 00:00 0 
7f953a235000-7f953a24d000 r-xp 00000000 08:02 3936860                    /lib/x86_64-linux-gnu/libpthread-2.23.so
7f953a24d000-7f953a44c000 ---p 00018000 08:02 3936860                    /lib/x86_64-linux-gnu/libpthread-2.23.so
7f953a44c000-7f953a44d000 r--p 00017000 08:02 3936860                    /lib/x86_64-linux-gnu/libpthread-2.23.so
7f953a44d000-7f953a44e000 rw-p 00018000 08:02 3936860                    /lib/x86_64-linux-gnu/libpthread-2.23.so
7f953a44e000-7f953a452000 rw-p 00000000 00:00 0 
7f953a452000-7f953a455000 r-xp 00000000 08:02 3932257                    /lib/x86_64-linux-gnu/libdl-2.23.so
7f953a455000-7f953a654000 ---p 00003000 08:02 3932257                    /lib/x86_64-linux-gnu/libdl-2.23.so
7f953a654000-7f953a655000 r--p 00002000 08:02 3932257                    /lib/x86_64-linux-gnu/libdl-2.23.so
7f953a655000-7f953a656000 rw-p 00003000 08:02 3932257                    /lib/x86_64-linux-gnu/libdl-2.23.so
7f953a656000-7f953a815000 r-xp 00000000 08:02 3936730                    /lib/x86_64-linux-gnu/libc-2.23.so
7f953a815000-7f953aa15000 ---p 001bf000 08:02 3936730                    /lib/x86_64-linux-gnu/libc-2.23.so
7f953aa15000-7f953aa19000 r--p 001bf000 08:02 3936730                    /lib/x86_64-linux-gnu/libc-2.23.so
7f953aa19000-7f953aa1b000 rw-p 001c3000 08:02 3936730                    /lib/x86_64-linux-gnu/libc-2.23.so
7f953aa1b000-7f953aa1f000 rw-p 00000000 00:00 0 
7f953aa1f000-7f953aa35000 r-xp 00000000 08:02 131359                     /home/m/android-studio/jre/lib/amd64/jli/libjli.so
7f953aa35000-7f953ac34000 ---p 00016000 08:02 131359                     /home/m/android-studio/jre/lib/amd64/jli/libjli.so
7f953ac34000-7f953ac35000 r--p 00015000 08:02 131359                     /home/m/android-studio/jre/lib/amd64/jli/libjli.so
7f953ac35000-7f953ac36000 rw-p 00016000 08:02 131359                     /home/m/android-studio/jre/lib/amd64/jli/libjli.so
7f953ac36000-7f953ac5c000 r-xp 00000000 08:02 3936731                    /lib/x86_64-linux-gnu/ld-2.23.so
7f953ac5c000-7f953ac5d000 r--s 00007000 08:02 2893461                    /home/m/.gradle/wrapper/dists/gradle-2.8-all/ah86jmo43de9lfa8xg9ux3c4h/gradle-2.8/lib/slf4j-api-1.7.10.jar
7f953ac5d000-7f953ac5e000 r--s 00004000 08:02 2893487                    /home/m/.gradle/wrapper/dists/gradle-2.8-all/ah86jmo43de9lfa8xg9ux3c4h/gradle-2.8/lib/ant-launcher-1.9.3.jar
7f953ac5e000-7f953ac65000 r--s 00032000 08:02 2893455                    /home/m/.gradle/wrapper/dists/gradle-2.8-all/ah86jmo43de9lfa8xg9ux3c4h/gradle-2.8/lib/gradle-base-services-2.8.jar
7f953ac65000-7f953ad36000 rw-p 00000000 00:00 0 
7f953ad36000-7f953ad39000 ---p 00000000 00:00 0 
7f953ad39000-7f953ae4f000 rw-p 00000000 00:00 0 
7f953ae4f000-7f953ae57000 rw-s 00000000 08:02 3547239                    /tmp/hsperfdata_m/14998
7f953ae57000-7f953ae58000 rw-p 00000000 00:00 0 
7f953ae58000-7f953ae59000 ---p 00000000 00:00 0 
7f953ae59000-7f953ae5b000 rw-p 00000000 00:00 0 
7f953ae5b000-7f953ae5c000 r--p 00025000 08:02 3936731                    /lib/x86_64-linux-gnu/ld-2.23.so
7f953ae5c000-7f953ae5d000 rw-p 00026000 08:02 3936731                    /lib/x86_64-linux-gnu/ld-2.23.so
7f953ae5d000-7f953ae5e000 rw-p 00000000 00:00 0 
7ffd7736b000-7ffd7738c000 rw-p 00000000 00:00 0                          [stack]
7ffd773f3000-7ffd773f5000 r--p 00000000 00:00 0                          [vvar]
7ffd773f5000-7ffd773f7000 r-xp 00000000 00:00 0                          [vdso]
ffffffffff600000-ffffffffff601000 r-xp 00000000 00:00 0                  [vsyscall]

VM Arguments:
jvm_args: -XX:MaxPermSize=256m -XX:+HeapDumpOnOutOfMemoryError -Xmx1024m -Dfile.encoding=UTF-8 -Duser.country=US -Duser.language=en -Duser.variant 
java_command: org.gradle.launcher.daemon.bootstrap.GradleDaemon 2.8
java_class_path (initial): /home/m/.gradle/wrapper/dists/gradle-2.8-all/ah86jmo43de9lfa8xg9ux3c4h/gradle-2.8/lib/gradle-launcher-2.8.jar
Launcher Type: SUN_STANDARD

Environment Variables:
PATH=/home/m/bin:/home/m/.local/bin:/usr/local/sbin:/usr/local/bin:/usr/sbin:/usr/bin:/sbin:/bin:/usr/games:/usr/local/games:/snap/bin
LD_LIBRARY_PATH=.:
SHELL=/bin/bash
DISPLAY=:0

Signal Handlers:
SIGSEGV: [libjvm.so+0x9e5150], sa_mask[0]=11111111011111111101111111111110, sa_flags=SA_RESTART|SA_SIGINFO
SIGBUS: [libjvm.so+0x9e5150], sa_mask[0]=11111111011111111101111111111110, sa_flags=SA_RESTART|SA_SIGINFO
SIGFPE: [libjvm.so+0x848450], sa_mask[0]=11111111011111111101111111111110, sa_flags=SA_RESTART|SA_SIGINFO
SIGPIPE: [libjvm.so+0x848450], sa_mask[0]=11111111011111111101111111111110, sa_flags=SA_RESTART|SA_SIGINFO
SIGXFSZ: [libjvm.so+0x848450], sa_mask[0]=11111111011111111101111111111110, sa_flags=SA_RESTART|SA_SIGINFO
SIGILL: [libjvm.so+0x848450], sa_mask[0]=11111111011111111101111111111110, sa_flags=SA_RESTART|SA_SIGINFO
SIGUSR1: SIG_DFL, sa_mask[0]=00000000000000000000000000000000, sa_flags=none
SIGUSR2: [libjvm.so+0x848320], sa_mask[0]=00100000000000000000000000000000, sa_flags=SA_RESTART|SA_SIGINFO
SIGHUP: [libjvm.so+0x848510], sa_mask[0]=11111111011111111101111111111110, sa_flags=SA_RESTART|SA_SIGINFO
SIGINT: [libjvm.so+0x848510], sa_mask[0]=11111111011111111101111111111110, sa_flags=SA_RESTART|SA_SIGINFO
SIGTERM: [libjvm.so+0x848510], sa_mask[0]=11111111011111111101111111111110, sa_flags=SA_RESTART|SA_SIGINFO
SIGQUIT: [libjvm.so+0x848510], sa_mask[0]=11111111011111111101111111111110, sa_flags=SA_RESTART|SA_SIGINFO


---------------  S Y S T E M  ---------------

OS:DISTRIB_ID=Ubuntu
DISTRIB_RELEASE=16.04
DISTRIB_CODENAME=xenial
DISTRIB_DESCRIPTION="Ubuntu 16.04.2 LTS"

uname:Linux 4.8.0-52-generic #55~16.04.1-Ubuntu SMP Fri Apr 28 14:36:29 UTC 2017 x86_64
libc:glibc 2.23 NPTL 2.23 
rlimit: STACK 8192k, CORE 0k, NPROC 14437, NOFILE 65536, AS infinity
load average:1,96 0,69 0,68

/proc/meminfo:
MemTotal:        3738316 kB
MemFree:           83716 kB
MemAvailable:          0 kB
Buffers:             420 kB
Cached:           328608 kB
SwapCached:         5312 kB
Active:          2883072 kB
Inactive:         584132 kB
Active(anon):    2873732 kB
Inactive(anon):   575028 kB
Active(file):       9340 kB
Inactive(file):     9104 kB
Unevictable:         176 kB
Mlocked:             176 kB
SwapTotal:        999420 kB
SwapFree:              0 kB
Dirty:                48 kB
Writeback:           116 kB
AnonPages:       3133436 kB
Mapped:           103792 kB
Shmem:            310536 kB
Slab:              81564 kB
SReclaimable:      37864 kB
SUnreclaim:        43700 kB
KernelStack:       12656 kB
PageTables:        49344 kB
NFS_Unstable:          0 kB
Bounce:                0 kB
WritebackTmp:          0 kB
CommitLimit:     2868576 kB
Committed_AS:    9849008 kB
VmallocTotal:   34359738367 kB
VmallocUsed:           0 kB
VmallocChunk:          0 kB
HardwareCorrupted:     0 kB
AnonHugePages:   1228800 kB
ShmemHugePages:        0 kB
ShmemPmdMapped:        0 kB
CmaTotal:              0 kB
CmaFree:               0 kB
HugePages_Total:       0
HugePages_Free:        0
HugePages_Rsvd:        0
HugePages_Surp:        0
Hugepagesize:       2048 kB
DirectMap4k:      174272 kB
DirectMap2M:     3708928 kB


CPU:total 4 (2 cores per cpu, 2 threads per core) family 6 model 58 stepping 9, cmov, cx8, fxsr, mmx, sse, sse2, sse3, ssse3, sse4.1, sse4.2, popcnt, avx, aes, clmul, erms, ht, tsc, tscinvbit, tscinv

/proc/cpuinfo:
processor	: 0
vendor_id	: GenuineIntel
cpu family	: 6
model		: 58
model name	: Intel(R) Core(TM) i5-3210M CPU @ 2.50GHz
stepping	: 9
microcode	: 0x1c
cpu MHz		: 2900.848
cache size	: 3072 KB
physical id	: 0
siblings	: 4
core id		: 0
cpu cores	: 2
apicid		: 0
initial apicid	: 0
fpu		: yes
fpu_exception	: yes
cpuid level	: 13
wp		: yes
flags		: fpu vme de pse tsc msr pae mce cx8 apic sep mtrr pge mca cmov pat pse36 clflush dts acpi mmx fxsr sse sse2 ss ht tm pbe syscall nx rdtscp lm constant_tsc arch_perfmon pebs bts rep_good nopl xtopology nonstop_tsc aperfmperf eagerfpu pni pclmulqdq dtes64 monitor ds_cpl vmx est tm2 ssse3 cx16 xtpr pdcm pcid sse4_1 sse4_2 x2apic popcnt tsc_deadline_timer aes xsave avx f16c rdrand lahf_lm epb tpr_shadow vnmi flexpriority ept vpid fsgsbase smep erms xsaveopt dtherm ida arat pln pts
bugs		:
bogomips	: 4988.81
clflush size	: 64
cache_alignment	: 64
address sizes	: 36 bits physical, 48 bits virtual
power management:

processor	: 1
vendor_id	: GenuineIntel
cpu family	: 6
model		: 58
model name	: Intel(R) Core(TM) i5-3210M CPU @ 2.50GHz
stepping	: 9
microcode	: 0x1c
cpu MHz		: 2814.178
cache size	: 3072 KB
physical id	: 0
siblings	: 4
core id		: 0
cpu cores	: 2
apicid		: 1
initial apicid	: 1
fpu		: yes
fpu_exception	: yes
cpuid level	: 13
wp		: yes
flags		: fpu vme de pse tsc msr pae mce cx8 apic sep mtrr pge mca cmov pat pse36 clflush dts acpi mmx fxsr sse sse2 ss ht tm pbe syscall nx rdtscp lm constant_tsc arch_perfmon pebs bts rep_good nopl xtopology nonstop_tsc aperfmperf eagerfpu pni pclmulqdq dtes64 monitor ds_cpl vmx est tm2 ssse3 cx16 xtpr pdcm pcid sse4_1 sse4_2 x2apic popcnt tsc_deadline_timer aes xsave avx f16c rdrand lahf_lm epb tpr_shadow vnmi flexpriority ept vpid fsgsbase smep erms xsaveopt dtherm ida arat pln pts
bugs		:
bogomips	: 4988.81
clflush size	: 64
cache_alignment	: 64
address sizes	: 36 bits physical, 48 bits virtual
power management:

processor	: 2
vendor_id	: GenuineIntel
cpu family	: 6
model		: 58
model name	: Intel(R) Core(TM) i5-3210M CPU @ 2.50GHz
stepping	: 9
microcode	: 0x1c
cpu MHz		: 2773.742
cache size	: 3072 KB
physical id	: 0
siblings	: 4
core id		: 1
cpu cores	: 2
apicid		: 2
initial apicid	: 2
fpu		: yes
fpu_exception	: yes
cpuid level	: 13
wp		: yes
flags		: fpu vme de pse tsc msr pae mce cx8 apic sep mtrr pge mca cmov pat pse36 clflush dts acpi mmx fxsr sse sse2 ss ht tm pbe syscall nx rdtscp lm constant_tsc arch_perfmon pebs bts rep_good nopl xtopology nonstop_tsc aperfmperf eagerfpu pni pclmulqdq dtes64 monitor ds_cpl vmx est tm2 ssse3 cx16 xtpr pdcm pcid sse4_1 sse4_2 x2apic popcnt tsc_deadline_timer aes xsave avx f16c rdrand lahf_lm epb tpr_shadow vnmi flexpriority ept vpid fsgsbase smep erms xsaveopt dtherm ida arat pln pts
bugs		:
bogomips	: 4988.81
clflush size	: 64
cache_alignment	: 64
address sizes	: 36 bits physical, 48 bits virtual
power management:

processor	: 3
vendor_id	: GenuineIntel
cpu family	: 6
model		: 58
model name	: Intel(R) Core(TM) i5-3210M CPU @ 2.50GHz
stepping	: 9
microcode	: 0x1c
cpu MHz		: 2756.652
cache size	: 3072 KB
physical id	: 0
siblings	: 4
core id		: 1
cpu cores	: 2
apicid		: 3
initial apicid	: 3
fpu		: yes
fpu_exception	: yes
cpuid level	: 13
wp		: yes
flags		: fpu vme de pse tsc msr pae mce cx8 apic sep mtrr pge mca cmov pat pse36 clflush dts acpi mmx fxsr sse sse2 ss ht tm pbe syscall nx rdtscp lm constant_tsc arch_perfmon pebs bts rep_good nopl xtopology nonstop_tsc aperfmperf eagerfpu pni pclmulqdq dtes64 monitor ds_cpl vmx est tm2 ssse3 cx16 xtpr pdcm pcid sse4_1 sse4_2 x2apic popcnt tsc_deadline_timer aes xsave avx f16c rdrand lahf_lm epb tpr_shadow vnmi flexpriority ept vpid fsgsbase smep erms xsaveopt dtherm ida arat pln pts
bugs		:
bogomips	: 4988.81
clflush size	: 64
cache_alignment	: 64
address sizes	: 36 bits physical, 48 bits virtual
power management:



Memory: 4k page, physical 3738316k(83716k free), swap 999420k(0k free)

vm_info: OpenJDK 64-Bit Server VM (25.112-b06) for linux-amd64 JRE (1.8.0_112-release-b06), built on Dec  6 2016 12:11:18 by "builder" with gcc 4.8.4

time: Sat May 27 20:56:38 2017
elapsed time: 10 seconds (0d 0h 0m 10s)

